#
# A fatal error has been detected by the Java Runtime Environment:
#
#  SIGSEGV (0xb) at pc=0x00007fa2c5069cba, pid=16918, tid=0x00007fa2b8fc9700
#
# JRE version: Java(TM) SE Runtime Environment (8.0_191-b12) (build 1.8.0_191-b12)
# Java VM: Java HotSpot(TM) 64-Bit Server VM (25.191-b12 mixed mode linux-amd64 compressed oops)
# Problematic frame:
# v  ~BufferBlob::jni_fast_GetLongField
#
# Failed to write core dump. Core dumps have been disabled. To enable core dumping, try "ulimit -c unlimited" before starting Java again
#
# If you would like to submit a bug report, please visit:
#   http://bugreport.java.com/bugreport/crash.jsp
# The crash happened outside the Java Virtual Machine in native code.
# See problematic frame for where to report the bug.
#

---------------  T H R E A D  ---------------

Current thread (0x00007fa2d4240800):  JavaThread "AWT-XAWT" daemon [_thread_in_native, id=16940, stack(0x00007fa2b8ec9000,0x00007fa2b8fca000)]

siginfo: si_signo: 11 (SIGSEGV), si_code: 1 (SEGV_MAPERR), si_addr: 0x0000000000000000

Registers:
RAX=0x00007fa2dc2183c0, RBX=0x00007fa2d42409f8, RCX=0x0000000000000001, RDX=0x0000000000000042
RSP=0x00007fa2b8fc8818, RBP=0x00007fa2b8fc8840, RSI=0x0000000000000000, RDI=0x00007fa2d42409f8
R8 =0x00007fa2ba8179b0, R9 =0x0000000000000000, R10=0x000000000000006a, R11=0x00007fa2c54b6698
R12=0x0000000000000000, R13=0x0000000000000000, R14=0x00007fa2baf5bb00, R15=0x00007fa2d4240800
RIP=0x00007fa2c5069cba, EFLAGS=0x0000000000010246, CSGSFS=0x002b000000000033, ERR=0x0000000000000004
  TRAPNO=0x000000000000000e

Top of Stack: (sp=0x00007fa2b8fc8818)
0x00007fa2b8fc8818:   00007fa2bad39b84 00007fa2d88c2ac8
0x00007fa2b8fc8828:   0000000000000000 00007fa2b8fc88f0
0x00007fa2b8fc8838:   00007fa2b8fc88c0 00007fa27801b900
0x00007fa2b8fc8848:   00007fa2ba81fb1d 00007fa2d88c2ac8
0x00007fa2b8fc8858:   00007fa2b8fc8880 0000000000000000
0x00007fa2b8fc8868:   00007fa2ba8179d3 00007fa2b8fc88f0
0x00007fa2b8fc8878:   00007fa2bad31fef 00007fa2b8fc88d0
0x00007fa2b8fc8888:   00007fa2c54b6736 0000000000000000
0x00007fa2b8fc8898:   00007fa2c52afaf6 00007fa2b8fc88f0
0x00007fa2b8fc88a8:   00007fa2c51153ec 00007fa2b8fc8950
0x00007fa2b8fc88b8:   00000000d7d30688 00000000d7cf9818
0x00007fa2b8fc88c8:   0000000000000001 00007fa2b8fc8950
0x00007fa2b8fc88d8:   00007fa2c5007a90 00007fa2b8fc8950
0x00007fa2b8fc88e8:   00007fa2c5007a90 0000000000000000
0x00007fa2b8fc88f8:   00007fa2c5007dd0 00007fa27c001090
0x00007fa2b8fc8908:   00000000d7daad98 00007fa2b8fc8910
0x00007fa2b8fc8918:   00007fa2d89b529c 00007fa2b8fc8998
0x00007fa2b8fc8928:   00007fa2d89be288 0000000000000000
0x00007fa2b8fc8938:   00007fa2d89b53d8 00007fa2b8fc88f0
0x00007fa2b8fc8948:   00007fa2b8fc8990 00007fa2b8fc89e0
0x00007fa2b8fc8958:   00007fa2c50082bd 0000000000000000
0x00007fa2b8fc8968:   00000000d882cc50 0000000000000000
0x00007fa2b8fc8978:   0000000000000000 0000000000000000
0x00007fa2b8fc8988:   00000000d7daad98 0000000000000000
0x00007fa2b8fc8998:   00000000d7d31228 00007fa2b8fc89a0
0x00007fa2b8fc89a8:   00007fa2d89b50dd 00007fa2b8fc89f0
0x00007fa2b8fc89b8:   00007fa2d89be288 0000000000000000
0x00007fa2b8fc89c8:   00007fa2d89b50e8 00007fa2b8fc8990
0x00007fa2b8fc89d8:   00007fa2b8fc89f0 00007fa2b8fc8a38
0x00007fa2b8fc89e8:   00007fa2c5008302 00000000d7d31228
0x00007fa2b8fc89f8:   00007fa2b8fc89f8 00007fa2d849f6cb
0x00007fa2b8fc8a08:   00007fa2b8fc8a48 00007fa2d85273e8 

Instructions: (pc=0x00007fa2c5069cba)
0x00007fa2c5069c9a:   00 00 00 00 00 00 44 8b 15 55 e2 1e 17 4c 8b ce
0x00007fa2c5069caa:   41 f6 c2 01 0f 85 2e 00 00 00 4d 33 ca 4d 33 ca
0x00007fa2c5069cba:   4d 8b 09 4c 8b da 49 c1 eb 02 4b 8b 04 19 49 bb
0x00007fa2c5069cca:   fc 7e 25 dc a2 7f 00 00 4c 33 d8 4c 33 d8 45 3b 

Register to memory mapping:

RAX=0x00007fa2dc2183c0: <offset 0xf883c0> in /usr/lib/jvm/java-8-oracle/jre/lib/amd64/server/libjvm.so at 0x00007fa2db290000
RBX=0x00007fa2d42409f8 is an unknown value
RCX=0x0000000000000001 is an unknown value
RDX=0x0000000000000042 is an unknown value
RSP=0x00007fa2b8fc8818 is pointing into the stack for thread: 0x00007fa2d4240800
RBP=0x00007fa2b8fc8840 is pointing into the stack for thread: 0x00007fa2d4240800
RSI=0x0000000000000000 is an unknown value
RDI=0x00007fa2d42409f8 is an unknown value
R8 =0x00007fa2ba8179b0: <offset 0x5c9b0> in /usr/lib/x86_64-linux-gnu/libX11.so.6 at 0x00007fa2ba7bb000
R9 =0x0000000000000000 is an unknown value
R10=0x000000000000006a is an unknown value
R11=0x00007fa2c54b6698 is at entry_point+24 in (nmethod*)0x00007fa2c54b6510
R12=0x0000000000000000 is an unknown value
R13=0x0000000000000000 is an unknown value
R14=0x00007fa2baf5bb00: <offset 0x256b00> in /usr/lib/jvm/java-8-oracle/jre/lib/amd64/libawt_xawt.so at 0x00007fa2bad05000
R15=0x00007fa2d4240800 is a thread


Stack: [0x00007fa2b8ec9000,0x00007fa2b8fca000],  sp=0x00007fa2b8fc8818,  free space=1022k
Native frames: (J=compiled Java code, j=interpreted, Vv=VM code, C=native code)
v  ~BufferBlob::jni_fast_GetLongField
C  [libX11.so.6+0x64b1d]  _XimServerDestroy+0x3d

Java frames: (J=compiled Java code, j=interpreted, Vv=VM code)
J 1417  sun.awt.X11.XlibWrapper.XFilterEvent(JJ)Z (0 bytes) @ 0x00007fa2c54b66c4 [0x00007fa2c54b6680+0x44]
j  sun.awt.X11.XToolkit.run(Z)V+300
j  sun.awt.X11.XToolkit.run()V+5
j  java.lang.Thread.run()V+11
v  ~StubRoutines::call_stub

---------------  P R O C E S S  ---------------

Java Threads: ( => current thread )
  0x00007fa278141800 JavaThread "TimerQueue" daemon [_thread_blocked, id=16978, stack(0x00007fa264464000,0x00007fa264565000)]
  0x00007fa2d400c000 JavaThread "DestroyJavaVM" [_thread_blocked, id=16921, stack(0x00007fa2dcdaa000,0x00007fa2dceaa000)]
  0x00007fa2d43f5000 JavaThread "Timer-0" [_thread_blocked, id=16944, stack(0x00007fa2b8029000,0x00007fa2b812a000)]
=>0x00007fa2d4240800 JavaThread "AWT-XAWT" daemon [_thread_in_native, id=16940, stack(0x00007fa2b8ec9000,0x00007fa2b8fca000)]
  0x00007fa2d421a800 JavaThread "Java2D Disposer" daemon [_thread_blocked, id=16939, stack(0x00007fa2b93da000,0x00007fa2b94db000)]
  0x00007fa2d40c3000 JavaThread "Service Thread" daemon [_thread_blocked, id=16937, stack(0x00007fa2bb32d000,0x00007fa2bb42e000)]
  0x00007fa2d40bf800 JavaThread "C1 CompilerThread2" daemon [_thread_blocked, id=16936, stack(0x00007fa2bb42f000,0x00007fa2bb52f000)]
  0x00007fa2d40be000 JavaThread "C2 CompilerThread1" daemon [_thread_blocked, id=16935, stack(0x00007fa2bb530000,0x00007fa2bb630000)]
  0x00007fa2d40bb000 JavaThread "C2 CompilerThread0" daemon [_thread_blocked, id=16934, stack(0x00007fa2c005e000,0x00007fa2c015e000)]
  0x00007fa2d40b9800 JavaThread "Signal Dispatcher" daemon [_thread_blocked, id=16933, stack(0x00007fa2c015e000,0x00007fa2c025f000)]
  0x00007fa2d4086800 JavaThread "Finalizer" daemon [_thread_blocked, id=16932, stack(0x00007fa2c025f000,0x00007fa2c0360000)]
  0x00007fa2d4084000 JavaThread "Reference Handler" daemon [_thread_blocked, id=16931, stack(0x00007fa2c0360000,0x00007fa2c0461000)]

Other Threads:
  0x00007fa2d407a000 VMThread [stack: 0x00007fa2c0462000,0x00007fa2c0562000] [id=16930]
  0x00007fa2d40c8000 WatcherThread [stack: 0x00007fa2bb22d000,0x00007fa2bb32d000] [id=16938]

VM state:not at safepoint (normal execution)

VM Mutex/Monitor currently owned by a thread: None

Heap:
 PSYoungGen      total 36352K, used 26314K [0x00000000d7a00000, 0x00000000da280000, 0x0000000100000000)
  eden space 31232K, 84% used [0x00000000d7a00000,0x00000000d93b28d0,0x00000000d9880000)
  from space 5120K, 0% used [0x00000000d9d80000,0x00000000d9d80000,0x00000000da280000)
  to   space 5120K, 0% used [0x00000000d9880000,0x00000000d9880000,0x00000000d9d80000)
 ParOldGen       total 83456K, used 0K [0x0000000086e00000, 0x000000008bf80000, 0x00000000d7a00000)
  object space 83456K, 0% used [0x0000000086e00000,0x0000000086e00000,0x000000008bf80000)
 Metaspace       used 16302K, capacity 16448K, committed 16768K, reserved 1064960K
  class space    used 2058K, capacity 2126K, committed 2176K, reserved 1048576K

Card table byte_map: [0x00007fa2d96c4000,0x00007fa2d9a8e000] byte_map_base: 0x00007fa2d928d000

Marking Bits: (ParMarkBitMap*) 0x00007fa2dc256d40
 Begin Bits: [0x00007fa2c1370000, 0x00007fa2c31b8000)
 End Bits:   [0x00007fa2c31b8000, 0x00007fa2c5000000)

Polling page: 0x00007fa2dcec6000

CodeCache: size=245760Kb used=5447Kb max_used=5459Kb free=240312Kb
 bounds [0x00007fa2c5000000, 0x00007fa2c5560000, 0x00007fa2d4000000]
 total_blobs=2169 nmethods=1562 adapters=519
 compilation: enabled

Compilation events (10 events):
Event: 442.096 Thread 0x00007fa2d40bf800 1566  s    3       java.util.Vector::toArray (12 bytes)
Event: 442.097 Thread 0x00007fa2d40bf800 nmethod 1566 0x00007fa2c5550b10 code [0x00007fa2c5550c80, 0x00007fa2c5551088]
Event: 442.100 Thread 0x00007fa2d40bf800 1567   !   3       sun.awt.X11.XToolkit$1::dispatchEvent (34 bytes)
Event: 442.102 Thread 0x00007fa2d40bf800 nmethod 1567 0x00007fa2c5552cd0 code [0x00007fa2c5552f20, 0x00007fa2c5553d38]
Event: 442.102 Thread 0x00007fa2d40bf800 1568       3       sun.awt.X11.XMSelection$1::dispatchEvent (10 bytes)
Event: 442.102 Thread 0x00007fa2d40bf800 nmethod 1568 0x00007fa2c5550210 code [0x00007fa2c55503c0, 0x00007fa2c5550818]
Event: 443.439 Thread 0x00007fa2d40bf800 1569       3       java.util.Vector::<init> (53 bytes)
Event: 443.440 Thread 0x00007fa2d40bf800 nmethod 1569 0x00007fa2c5554410 code [0x00007fa2c55545c0, 0x00007fa2c5554a78]
Event: 1107.052 Thread 0x00007fa2d40be000 1570   !   4       sun.awt.X11.XToolkit::callTimeoutTasks (220 bytes)
Event: 1107.056 Thread 0x00007fa2d40be000 nmethod 1570 0x00007fa2c554fc10 code [0x00007fa2c554fd80, 0x00007fa2c554fed8]

GC Heap History (0 events):
No events

Deoptimization events (6 events):
Event: 0.344 Thread 0x00007fa2d400c000 Uncommon trap: reason=unstable_if action=reinterpret pc=0x00007fa2c51e776c method=com.sun.imageio.plugins.png.PNGImageReader.paethPredictor(III)I @ 34
Event: 11.900 Thread 0x00007fa278030800 Uncommon trap: reason=unstable_if action=reinterpret pc=0x00007fa2c51f9128 method=sun.awt.image.ByteInterleavedRaster.putByteData(IIII[B)V @ 79
Event: 11.952 Thread 0x00007fa2d4324800 Uncommon trap: reason=class_check action=maybe_recompile pc=0x00007fa2c5171ba8 method=java.lang.String.equals(Ljava/lang/Object;)Z @ 8
Event: 11.952 Thread 0x00007fa2d4324800 Uncommon trap: reason=class_check action=maybe_recompile pc=0x00007fa2c5171ba8 method=java.lang.String.equals(Ljava/lang/Object;)Z @ 8
Event: 11.952 Thread 0x00007fa2d4324800 Uncommon trap: reason=class_check action=maybe_recompile pc=0x00007fa2c5171ba8 method=java.lang.String.equals(Ljava/lang/Object;)Z @ 8
Event: 11.952 Thread 0x00007fa2d4324800 Uncommon trap: reason=class_check action=maybe_recompile pc=0x00007fa2c5171ba8 method=java.lang.String.equals(Ljava/lang/Object;)Z @ 8

Classes redefined (0 events):
No events

Internal exceptions (10 events):
Event: 0.175 Thread 0x00007fa2d400c000 Exception <a 'java/lang/NoSuchFieldError': method resolution failed> (0x00000000d7c625d0) thrown at [/HUDSON/workspace/8-2-build-linux-amd64/jdk8u191/11894/hotspot/src/share/vm/prims/methodHandles.cpp, line 1167]
Event: 0.198 Thread 0x00007fa2d400c000 Exception <a 'java/io/FileNotFoundException'> (0x00000000d7ce2bd8) thrown at [/HUDSON/workspace/8-2-build-linux-amd64/jdk8u191/11894/hotspot/src/share/vm/prims/jni.cpp, line 709]
Event: 0.198 Thread 0x00007fa2d400c000 Exception <a 'java/io/FileNotFoundException'> (0x00000000d7ce35a8) thrown at [/HUDSON/workspace/8-2-build-linux-amd64/jdk8u191/11894/hotspot/src/share/vm/prims/jni.cpp, line 709]
Event: 0.289 Thread 0x00007fa2d4270000 Exception <a 'java/io/FileNotFoundException'> (0x00000000d7ee3520) thrown at [/HUDSON/workspace/8-2-build-linux-amd64/jdk8u191/11894/hotspot/src/share/vm/prims/jni.cpp, line 709]
Event: 0.314 Thread 0x00007fa2d400c000 Exception <a 'java/security/PrivilegedActionException'> (0x00000000d800b3e8) thrown at [/HUDSON/workspace/8-2-build-linux-amd64/jdk8u191/11894/hotspot/src/share/vm/prims/jvm.cpp, line 1435]
Event: 0.314 Thread 0x00007fa2d400c000 Exception <a 'java/security/PrivilegedActionException'> (0x00000000d800b5f8) thrown at [/HUDSON/workspace/8-2-build-linux-amd64/jdk8u191/11894/hotspot/src/share/vm/prims/jvm.cpp, line 1435]
Event: 1.092 Thread 0x00007fa2d4324800 Exception <a 'java/lang/UnsupportedOperationException': > (0x00000000d8710e18) thrown at [/HUDSON/workspace/8-2-build-linux-amd64/jdk8u191/11894/hotspot/src/share/vm/prims/jni.cpp, line 735]
Event: 12.300 Thread 0x00007fa2d4324800 Exception <a 'java/lang/UnsupportedOperationException': > (0x00000000d919ca98) thrown at [/HUDSON/workspace/8-2-build-linux-amd64/jdk8u191/11894/hotspot/src/share/vm/prims/jni.cpp, line 735]
Event: 16.216 Thread 0x00007fa2d4324800 Exception <a 'java/lang/NullPointerException'> (0x00000000d91d4ee0) thrown at [/HUDSON/workspace/8-2-build-linux-amd64/jdk8u191/11894/hotspot/src/share/vm/interpreter/linkResolver.cpp, line 1185]
Event: 16.360 Thread 0x00007fa2d4324800 Exception <a 'java/lang/UnsupportedOperationException': > (0x00000000d92b8f60) thrown at [/HUDSON/workspace/8-2-build-linux-amd64/jdk8u191/11894/hotspot/src/share/vm/prims/jni.cpp, line 735]

Events (10 events):
Event: 17.704 Thread 0x00007fa2d40bf800 flushing nmethod 0x00007fa2c510a550
Event: 17.704 Thread 0x00007fa2d40bf800 flushing nmethod 0x00007fa2c510ac90
Event: 17.704 Thread 0x00007fa2d40bf800 flushing nmethod 0x00007fa2c510c810
Event: 17.705 Thread 0x00007fa2d40bf800 flushing nmethod 0x00007fa2c5131f10
Event: 19.811 loading class sun/awt/AppContext$PostShutdownEventRunnable
Event: 19.811 loading class sun/awt/AppContext$PostShutdownEventRunnable done
Event: 19.811 loading class sun/awt/AWTAutoShutdown$1
Event: 19.811 loading class sun/awt/AWTAutoShutdown$1 done
Event: 19.811 Thread 0x00007fa2d4323000 Thread exited: 0x00007fa2d4323000
Event: 19.811 Thread 0x00007fa2d4324800 Thread exited: 0x00007fa2d4324800


Dynamic libraries:
00400000-00401000 r-xp 00000000 08:02 55189307                           /usr/lib/jvm/java-8-oracle/bin/java
00600000-00601000 r--p 00000000 08:02 55189307                           /usr/lib/jvm/java-8-oracle/bin/java
00601000-00602000 rw-p 00001000 08:02 55189307                           /usr/lib/jvm/java-8-oracle/bin/java
017c9000-017ea000 rw-p 00000000 00:00 0                                  [heap]
86e00000-8bf80000 rw-p 00000000 00:00 0 
8bf80000-d7a00000 ---p 00000000 00:00 0 
d7a00000-da280000 rw-p 00000000 00:00 0 
da280000-100000000 ---p 00000000 00:00 0 
100000000-100220000 rw-p 00000000 00:00 0 
100220000-140000000 ---p 00000000 00:00 0 
7fa24d0bd000-7fa24d0fd000 rw-p 00000000 00:00 0 
7fa24d0fd000-7fa24d2bd000 ---p 00000000 00:00 0 
7fa24d2bd000-7fa24d436000 r-xp 00000000 08:02 54004237                   /usr/lib/x86_64-linux-gnu/libstdc++.so.6.0.25
7fa24d436000-7fa24d636000 ---p 00179000 08:02 54004237                   /usr/lib/x86_64-linux-gnu/libstdc++.so.6.0.25
7fa24d636000-7fa24d640000 r--p 00179000 08:02 54004237                   /usr/lib/x86_64-linux-gnu/libstdc++.so.6.0.25
7fa24d640000-7fa24d642000 rw-p 00183000 08:02 54004237                   /usr/lib/x86_64-linux-gnu/libstdc++.so.6.0.25
7fa24d642000-7fa24d646000 rw-p 00000000 00:00 0 
7fa24d646000-7fa24efee000 r-xp 00000000 08:02 54010033                   /usr/lib/x86_64-linux-gnu/libicudata.so.60.2
7fa24efee000-7fa24f1ed000 ---p 019a8000 08:02 54010033                   /usr/lib/x86_64-linux-gnu/libicudata.so.60.2
7fa24f1ed000-7fa24f1ee000 r--p 019a7000 08:02 54010033                   /usr/lib/x86_64-linux-gnu/libicudata.so.60.2
7fa24f1ee000-7fa24f1ef000 rw-p 019a8000 08:02 54010033                   /usr/lib/x86_64-linux-gnu/libicudata.so.60.2
7fa24f1ef000-7fa24f213000 r-xp 00000000 08:02 52957886                   /lib/x86_64-linux-gnu/liblzma.so.5.2.2
7fa24f213000-7fa24f413000 ---p 00024000 08:02 52957886                   /lib/x86_64-linux-gnu/liblzma.so.5.2.2
7fa24f413000-7fa24f414000 r--p 00024000 08:02 52957886                   /lib/x86_64-linux-gnu/liblzma.so.5.2.2
7fa24f414000-7fa24f415000 rw-p 00025000 08:02 52957886                   /lib/x86_64-linux-gnu/liblzma.so.5.2.2
7fa24f415000-7fa24f5b8000 r-xp 00000000 08:02 54010043                   /usr/lib/x86_64-linux-gnu/libicuuc.so.60.2
7fa24f5b8000-7fa24f7b7000 ---p 001a3000 08:02 54010043                   /usr/lib/x86_64-linux-gnu/libicuuc.so.60.2
7fa24f7b7000-7fa24f7ca000 r--p 001a2000 08:02 54010043                   /usr/lib/x86_64-linux-gnu/libicuuc.so.60.2
7fa24f7ca000-7fa24f7cb000 rw-p 001b5000 08:02 54010043                   /usr/lib/x86_64-linux-gnu/libicuuc.so.60.2
7fa24f7cb000-7fa24f7cc000 rw-p 00000000 00:00 0 
7fa24f7cc000-7fa24f982000 r-xp 00000000 08:02 54003527                   /usr/lib/x86_64-linux-gnu/libxml2.so.2.9.4
7fa24f982000-7fa24fb82000 ---p 001b6000 08:02 54003527                   /usr/lib/x86_64-linux-gnu/libxml2.so.2.9.4
7fa24fb82000-7fa24fb8a000 r--p 001b6000 08:02 54003527                   /usr/lib/x86_64-linux-gnu/libxml2.so.2.9.4
7fa24fb8a000-7fa24fb8c000 rw-p 001be000 08:02 54003527                   /usr/lib/x86_64-linux-gnu/libxml2.so.2.9.4
7fa24fb8c000-7fa24fb8d000 rw-p 00000000 00:00 0 
7fa24fb8d000-7fa24fbc4000 r-xp 00000000 08:02 54009639                   /usr/lib/x86_64-linux-gnu/libcroco-0.6.so.3.0.1
7fa24fbc4000-7fa24fdc4000 ---p 00037000 08:02 54009639                   /usr/lib/x86_64-linux-gnu/libcroco-0.6.so.3.0.1
7fa24fdc4000-7fa24fdc7000 r--p 00037000 08:02 54009639                   /usr/lib/x86_64-linux-gnu/libcroco-0.6.so.3.0.1
7fa24fdc7000-7fa24fdc8000 rw-p 0003a000 08:02 54009639                   /usr/lib/x86_64-linux-gnu/libcroco-0.6.so.3.0.1
7fa24fdc8000-7fa24fdfe000 r-xp 00000000 08:02 54010366                   /usr/lib/x86_64-linux-gnu/librsvg-2.so.2.40.20
7fa24fdfe000-7fa24fffe000 ---p 00036000 08:02 54010366                   /usr/lib/x86_64-linux-gnu/librsvg-2.so.2.40.20
7fa24fffe000-7fa24ffff000 r--p 00036000 08:02 54010366                   /usr/lib/x86_64-linux-gnu/librsvg-2.so.2.40.20
7fa24ffff000-7fa250000000 rw-p 00037000 08:02 54010366                   /usr/lib/x86_64-linux-gnu/librsvg-2.so.2.40.20
7fa250000000-7fa250021000 rw-p 00000000 00:00 0 
7fa250021000-7fa254000000 ---p 00000000 00:00 0 
7fa254000000-7fa254021000 rw-p 00000000 00:00 0 
7fa254021000-7fa258000000 ---p 00000000 00:00 0 
7fa258000000-7fa258021000 rw-p 00000000 00:00 0 
7fa258021000-7fa25c000000 ---p 00000000 00:00 0 
7fa25c000000-7fa25c021000 rw-p 00000000 00:00 0 
7fa25c021000-7fa260000000 ---p 00000000 00:00 0 
7fa260000000-7fa260021000 rw-p 00000000 00:00 0 
7fa260021000-7fa264000000 ---p 00000000 00:00 0 
7fa2640fa000-7fa264105000 rw-s 00000000 00:05 8093704                    /SYSV00000000 (deleted)
7fa264105000-7fa264165000 rw-s 00000000 00:05 7274522                    /SYSV00000000 (deleted)
7fa264165000-7fa2641e5000 rw-s 00000000 00:05 7241737                    /SYSV00000000 (deleted)
7fa2641e5000-7fa2641e7000 r-xp 00000000 08:02 54267178                   /usr/lib/x86_64-linux-gnu/gdk-pixbuf-2.0/2.10.0/loaders/libpixbufloader-svg.so
7fa2641e7000-7fa2643e6000 ---p 00002000 08:02 54267178                   /usr/lib/x86_64-linux-gnu/gdk-pixbuf-2.0/2.10.0/loaders/libpixbufloader-svg.so
7fa2643e6000-7fa2643e7000 r--p 00001000 08:02 54267178                   /usr/lib/x86_64-linux-gnu/gdk-pixbuf-2.0/2.10.0/loaders/libpixbufloader-svg.so
7fa2643e7000-7fa2643e8000 rw-p 00002000 08:02 54267178                   /usr/lib/x86_64-linux-gnu/gdk-pixbuf-2.0/2.10.0/loaders/libpixbufloader-svg.so
7fa2643e8000-7fa26440b000 r--s 00000000 08:02 54396676                   /usr/share/mime/mime.cache
7fa26440b000-7fa264414000 r--p 00000000 08:02 55447175                   /usr/share/icons/Adwaita/icon-theme.cache
7fa264414000-7fa264464000 r--p 00000000 08:02 55451644                   /usr/share/icons/Humanity/icon-theme.cache
7fa264464000-7fa264467000 ---p 00000000 00:00 0 
7fa264467000-7fa264565000 rw-p 00000000 00:00 0 
7fa264565000-7fa264568000 ---p 00000000 00:00 0 
7fa264568000-7fa264666000 rw-p 00000000 00:00 0 
7fa264666000-7fa264667000 ---p 00000000 00:00 0 
7fa264667000-7fa264e67000 rw-p 00000000 00:00 0 
7fa264e67000-7fa264e68000 ---p 00000000 00:00 0 
7fa264e68000-7fa265668000 rw-p 00000000 00:00 0 
7fa265668000-7fa265669000 ---p 00000000 00:00 0 
7fa265669000-7fa265e69000 rw-p 00000000 00:00 0 
7fa265e69000-7fa265e6a000 ---p 00000000 00:00 0 
7fa265e6a000-7fa26666a000 rw-p 00000000 00:00 0 
7fa26666a000-7fa2666a0000 r-xp 00000000 08:02 54267907                   /usr/lib/x86_64-linux-gnu/gvfs/libgvfscommon.so
7fa2666a0000-7fa2668a0000 ---p 00036000 08:02 54267907                   /usr/lib/x86_64-linux-gnu/gvfs/libgvfscommon.so
7fa2668a0000-7fa2668a6000 r--p 00036000 08:02 54267907                   /usr/lib/x86_64-linux-gnu/gvfs/libgvfscommon.so
7fa2668a6000-7fa2668a7000 rw-p 0003c000 08:02 54267907                   /usr/lib/x86_64-linux-gnu/gvfs/libgvfscommon.so
7fa2668a7000-7fa2668d8000 r-xp 00000000 08:02 54267286                   /usr/lib/x86_64-linux-gnu/gio/modules/libgvfsdbus.so
7fa2668d8000-7fa266ad8000 ---p 00031000 08:02 54267286                   /usr/lib/x86_64-linux-gnu/gio/modules/libgvfsdbus.so
7fa266ad8000-7fa266ada000 r--p 00031000 08:02 54267286                   /usr/lib/x86_64-linux-gnu/gio/modules/libgvfsdbus.so
7fa266ada000-7fa266adb000 rw-p 00033000 08:02 54267286                   /usr/lib/x86_64-linux-gnu/gio/modules/libgvfsdbus.so
7fa266adb000-7fa266b3f000 r-xp 00000000 08:02 54010019                   /usr/lib/x86_64-linux-gnu/libibus-1.0.so.5.0.517
7fa266b3f000-7fa266d3f000 ---p 00064000 08:02 54010019                   /usr/lib/x86_64-linux-gnu/libibus-1.0.so.5.0.517
7fa266d3f000-7fa266d41000 r--p 00064000 08:02 54010019                   /usr/lib/x86_64-linux-gnu/libibus-1.0.so.5.0.517
7fa266d41000-7fa266d42000 rw-p 00066000 08:02 54010019                   /usr/lib/x86_64-linux-gnu/libibus-1.0.so.5.0.517
7fa266d46000-7fa266d4d000 r--p 00000000 08:02 55451653                   /usr/share/icons/Humanity-Dark/icon-theme.cache
7fa266d4d000-7fa266d5b000 r--p 00000000 08:02 55447094                   /usr/share/icons/ubuntu-mono-dark/icon-theme.cache
7fa266d5b000-7fa266d61000 r-xp 00000000 08:02 54267545                   /usr/lib/x86_64-linux-gnu/gtk-2.0/2.10.0/immodules/im-ibus.so
7fa266d61000-7fa266f61000 ---p 00006000 08:02 54267545                   /usr/lib/x86_64-linux-gnu/gtk-2.0/2.10.0/immodules/im-ibus.so
7fa266f61000-7fa266f62000 r--p 00006000 08:02 54267545                   /usr/lib/x86_64-linux-gnu/gtk-2.0/2.10.0/immodules/im-ibus.so
7fa266f62000-7fa266f63000 rw-p 00007000 08:02 54267545                   /usr/lib/x86_64-linux-gnu/gtk-2.0/2.10.0/immodules/im-ibus.so
7fa266f63000-7fa266fb7000 r--p 00000000 08:02 55052358                   /usr/share/fonts/truetype/dejavu/DejaVuSansMono.ttf
7fa266fb7000-7fa26700e000 r--p 00000000 08:02 55052542                   /usr/share/fonts/truetype/ubuntu/Ubuntu-R.ttf
7fa26700e000-7fa26720e000 rw-p 00000000 00:00 0 
7fa26720e000-7fa267227000 r--s 00000000 08:02 55052616                   /usr/share/fonts/type1/gsfonts/n021004l.pfb
7fa267227000-7fa267239000 r--s 00000000 08:02 55052601                   /usr/share/fonts/type1/gsfonts/n019043l.pfb
7fa267239000-7fa267254000 r--s 00000000 08:02 55052637                   /usr/share/fonts/type1/gsfonts/p052003l.pfb
7fa267254000-7fa267270000 r--s 00000000 08:02 55052646                   /usr/share/fonts/type1/gsfonts/p052024l.pfb
7fa267270000-7fa26728b000 r--s 00000000 08:02 55052643                   /usr/share/fonts/type1/gsfonts/p052023l.pfb
7fa26728b000-7fa26729b000 r--s 00000000 08:02 55052553                   /usr/share/fonts/type1/gsfonts/a010015l.pfb
7fa26729b000-7fa2672ab000 r--s 00000000 08:02 55052556                   /usr/share/fonts/type1/gsfonts/a010033l.pfb
7fa2672ab000-7fa2672c2000 r--s 00000000 08:02 55052619                   /usr/share/fonts/type1/gsfonts/n021023l.pfb
7fa2672c2000-7fa2672d3000 r--s 00000000 08:02 55052595                   /usr/share/fonts/type1/gsfonts/n019023l.pfb
7fa2672d3000-7fa2672ee000 r--s 00000000 08:02 55052577                   /usr/share/fonts/type1/gsfonts/c059016l.pfb
7fa2672ee000-7fa267304000 r--s 00000000 08:02 55052631                   /usr/share/fonts/type1/gsfonts/n022023l.pfb
7fa267304000-7fa26730d000 r--s 00000000 08:02 55052649                   /usr/share/fonts/type1/gsfonts/s050000l.pfb
7fa26730d000-7fa267326000 r--s 00000000 08:02 55052613                   /usr/share/fonts/type1/gsfonts/n021003l.pfb
7fa267326000-7fa26733d000 r--s 00000000 08:02 55052652                   /usr/share/fonts/type1/gsfonts/z003034l.pfb
7fa26733d000-7fa267352000 r--s 00000000 08:02 55052568                   /usr/share/fonts/type1/gsfonts/b018032l.pfb
7fa267352000-7fa26736d000 r--s 00000000 08:02 55052640                   /usr/share/fonts/type1/gsfonts/p052004l.pfb
7fa26736d000-7fa26737f000 r--s 00000000 08:02 55052571                   /usr/share/fonts/type1/gsfonts/b018035l.pfb
7fa26737f000-7fa267395000 r--s 00000000 08:02 55052634                   /usr/share/fonts/type1/gsfonts/n022024l.pfb
7fa267395000-7fa2673a6000 r--s 00000000 08:02 55052607                   /usr/share/fonts/type1/gsfonts/n019063l.pfb
7fa2673a6000-7fa2673c0000 r--s 00000000 08:02 55052574                   /usr/share/fonts/type1/gsfonts/c059013l.pfb
7fa2673c0000-7fa2673d3000 r--s 00000000 08:02 55052610                   /usr/share/fonts/type1/gsfonts/n019064l.pfb
7fa2673d3000-7fa2673ec000 r--s 00000000 08:02 55052562                   /usr/share/fonts/type1/gsfonts/b018012l.pfb
7fa2673ec000-7fa2673fe000 r--s 00000000 08:02 55052604                   /usr/share/fonts/type1/gsfonts/n019044l.pfb
7fa2673fe000-7fa267412000 r--s 00000000 08:02 55052589                   /usr/share/fonts/type1/gsfonts/n019003l.pfb
7fa267412000-7fa267423000 r--s 00000000 08:02 55052598                   /usr/share/fonts/type1/gsfonts/n019024l.pfb
7fa267423000-7fa26743c000 r--s 00000000 08:02 55052628                   /usr/share/fonts/type1/gsfonts/n022004l.pfb
7fa26743c000-7fa26744d000 r--s 00000000 08:02 55052559                   /usr/share/fonts/type1/gsfonts/a010035l.pfb
7fa26744d000-7fa267465000 r--s 00000000 08:02 55052583                   /usr/share/fonts/type1/gsfonts/c059036l.pfb
7fa267465000-7fa26749f000 r-xp 00000000 08:02 54267540                   /usr/lib/x86_64-linux-gnu/gtk-2.0/2.10.0/engines/libmurrine.so
7fa26749f000-7fa26769f000 ---p 0003a000 08:02 54267540                   /usr/lib/x86_64-linux-gnu/gtk-2.0/2.10.0/engines/libmurrine.so
7fa26769f000-7fa2676a0000 r--p 0003a000 08:02 54267540                   /usr/lib/x86_64-linux-gnu/gtk-2.0/2.10.0/engines/libmurrine.so
7fa2676a0000-7fa2676a1000 rw-p 0003b000 08:02 54267540                   /usr/lib/x86_64-linux-gnu/gtk-2.0/2.10.0/engines/libmurrine.so
7fa2676a1000-7fa2676cb000 r-xp 00000000 08:02 55452195                   /usr/lib/jvm/java-8-oracle/jre/lib/amd64/libdcpr.so
7fa2676cb000-7fa2678ca000 ---p 0002a000 08:02 55452195                   /usr/lib/jvm/java-8-oracle/jre/lib/amd64/libdcpr.so
7fa2678ca000-7fa2678cb000 r--p 00029000 08:02 55452195                   /usr/lib/jvm/java-8-oracle/jre/lib/amd64/libdcpr.so
7fa2678cb000-7fa2678ce000 rw-p 0002a000 08:02 55452195                   /usr/lib/jvm/java-8-oracle/jre/lib/amd64/libdcpr.so
7fa2678ce000-7fa2678cf000 r-xp 00000000 08:02 54004251                   /usr/lib/x86_64-linux-gnu/libgthread-2.0.so.0.5600.2
7fa2678cf000-7fa267ace000 ---p 00001000 08:02 54004251                   /usr/lib/x86_64-linux-gnu/libgthread-2.0.so.0.5600.2
7fa267ace000-7fa267acf000 r--p 00000000 08:02 54004251                   /usr/lib/x86_64-linux-gnu/libgthread-2.0.so.0.5600.2
7fa267acf000-7fa267ad0000 rw-p 00001000 08:02 54004251                   /usr/lib/x86_64-linux-gnu/libgthread-2.0.so.0.5600.2
7fa267ad0000-7fa267ad6000 r-xp 00000000 08:02 52957411                   /lib/x86_64-linux-gnu/libuuid.so.1.3.0
7fa267ad6000-7fa267cd5000 ---p 00006000 08:02 52957411                   /lib/x86_64-linux-gnu/libuuid.so.1.3.0
7fa267cd5000-7fa267cd6000 r--p 00005000 08:02 52957411                   /lib/x86_64-linux-gnu/libuuid.so.1.3.0
7fa267cd6000-7fa267cd7000 rw-p 00006000 08:02 52957411                   /lib/x86_64-linux-gnu/libuuid.so.1.3.0
7fa267cd7000-7fa267cdd000 r-xp 00000000 08:02 54009655                   /usr/lib/x86_64-linux-gnu/libdatrie.so.1.3.3
7fa267cdd000-7fa267edc000 ---p 00006000 08:02 54009655                   /usr/lib/x86_64-linux-gnu/libdatrie.so.1.3.3
7fa267edc000-7fa267edd000 r--p 00005000 08:02 54009655                   /usr/lib/x86_64-linux-gnu/libdatrie.so.1.3.3
7fa267edd000-7fa267ede000 rw-p 00006000 08:02 54009655                   /usr/lib/x86_64-linux-gnu/libdatrie.so.1.3.3
7fa267ede000-7fa267f09000 r-xp 00000000 08:02 54009912                   /usr/lib/x86_64-linux-gnu/libgraphite2.so.3.0.1
7fa267f09000-7fa268108000 ---p 0002b000 08:02 54009912                   /usr/lib/x86_64-linux-gnu/libgraphite2.so.3.0.1
7fa268108000-7fa26810a000 r--p 0002a000 08:02 54009912                   /usr/lib/x86_64-linux-gnu/libgraphite2.so.3.0.1
7fa26810a000-7fa26810b000 rw-p 0002c000 08:02 54009912                   /usr/lib/x86_64-linux-gnu/libgraphite2.so.3.0.1
7fa26810b000-7fa268152000 r-xp 00000000 08:02 52957414                   /lib/x86_64-linux-gnu/libblkid.so.1.1.0
7fa268152000-7fa268352000 ---p 00047000 08:02 52957414                   /lib/x86_64-linux-gnu/libblkid.so.1.1.0
7fa268352000-7fa268356000 r--p 00047000 08:02 52957414                   /lib/x86_64-linux-gnu/libblkid.so.1.1.0
7fa268356000-7fa268357000 rw-p 0004b000 08:02 52957414                   /lib/x86_64-linux-gnu/libblkid.so.1.1.0
7fa268357000-7fa268358000 rw-p 00000000 00:00 0 
7fa268358000-7fa268387000 r-xp 00000000 08:02 52957856                   /lib/x86_64-linux-gnu/libexpat.so.1.6.7
7fa268387000-7fa268587000 ---p 0002f000 08:02 52957856                   /lib/x86_64-linux-gnu/libexpat.so.1.6.7
7fa268587000-7fa268589000 r--p 0002f000 08:02 52957856                   /lib/x86_64-linux-gnu/libexpat.so.1.6.7
7fa268589000-7fa26858a000 rw-p 00031000 08:02 52957856                   /lib/x86_64-linux-gnu/libexpat.so.1.6.7
7fa26858a000-7fa2685fa000 r-xp 00000000 08:02 52957948                   /lib/x86_64-linux-gnu/libpcre.so.3.13.3
7fa2685fa000-7fa2687fa000 ---p 00070000 08:02 52957948                   /lib/x86_64-linux-gnu/libpcre.so.3.13.3
7fa2687fa000-7fa2687fb000 r--p 00070000 08:02 52957948                   /lib/x86_64-linux-gnu/libpcre.so.3.13.3
7fa2687fb000-7fa2687fc000 rw-p 00071000 08:02 52957948                   /lib/x86_64-linux-gnu/libpcre.so.3.13.3
7fa2687fc000-7fa268803000 r-xp 00000000 08:02 54009769                   /usr/lib/x86_64-linux-gnu/libffi.so.6.0.4
7fa268803000-7fa268a02000 ---p 00007000 08:02 54009769                   /usr/lib/x86_64-linux-gnu/libffi.so.6.0.4
7fa268a02000-7fa268a03000 r--p 00006000 08:02 54009769                   /usr/lib/x86_64-linux-gnu/libffi.so.6.0.4
7fa268a03000-7fa268a04000 rw-p 00007000 08:02 54009769                   /usr/lib/x86_64-linux-gnu/libffi.so.6.0.4
7fa268a04000-7fa268a0c000 r-xp 00000000 08:02 54010469                   /usr/lib/x86_64-linux-gnu/libthai.so.0.3.0
7fa268a0c000-7fa268c0b000 ---p 00008000 08:02 54010469                   /usr/lib/x86_64-linux-gnu/libthai.so.0.3.0
7fa268c0b000-7fa268c0c000 r--p 00007000 08:02 54010469                   /usr/lib/x86_64-linux-gnu/libthai.so.0.3.0
7fa268c0c000-7fa268c0d000 rw-p 00008000 08:02 54010469                   /usr/lib/x86_64-linux-gnu/libthai.so.0.3.0
7fa268c0d000-7fa268ca9000 r-xp 00000000 08:02 54009995                   /usr/lib/x86_64-linux-gnu/libharfbuzz.so.0.10702.0
7fa268ca9000-7fa268ea9000 ---p 0009c000 08:02 54009995                   /usr/lib/x86_64-linux-gnu/libharfbuzz.so.0.10702.0
7fa268ea9000-7fa268eaa000 r--p 0009c000 08:02 54009995                   /usr/lib/x86_64-linux-gnu/libharfbuzz.so.0.10702.0
7fa268eaa000-7fa268eab000 rw-p 0009d000 08:02 54009995                   /usr/lib/x86_64-linux-gnu/libharfbuzz.so.0.10702.0
7fa268eab000-7fa268efc000 r-xp 00000000 08:02 52957420                   /lib/x86_64-linux-gnu/libmount.so.1.1.0
7fa268efc000-7fa2690fb000 ---p 00051000 08:02 52957420                   /lib/x86_64-linux-gnu/libmount.so.1.1.0
7fa2690fb000-7fa2690fd000 r--p 00050000 08:02 52957420                   /lib/x86_64-linux-gnu/libmount.so.1.1.0
7fa2690fd000-7fa2690fe000 rw-p 00052000 08:02 52957420                   /lib/x86_64-linux-gnu/libmount.so.1.1.0
7fa2690fe000-7fa2690ff000 rw-p 00000000 00:00 0 
7fa2690ff000-7fa269116000 r-xp 00000000 08:02 52957965                   /lib/x86_64-linux-gnu/libresolv-2.27.so
7fa269116000-7fa269316000 ---p 00017000 08:02 52957965                   /lib/x86_64-linux-gnu/libresolv-2.27.so
7fa269316000-7fa269317000 r--p 00017000 08:02 52957965                   /lib/x86_64-linux-gnu/libresolv-2.27.so
7fa269317000-7fa269318000 rw-p 00018000 08:02 52957965                   /lib/x86_64-linux-gnu/libresolv-2.27.so
7fa269318000-7fa26931a000 rw-p 00000000 00:00 0 
7fa26931a000-7fa26933f000 r-xp 00000000 08:02 52957971                   /lib/x86_64-linux-gnu/libselinux.so.1
7fa26933f000-7fa26953e000 ---p 00025000 08:02 52957971                   /lib/x86_64-linux-gnu/libselinux.so.1
7fa26953e000-7fa26953f000 r--p 00024000 08:02 52957971                   /lib/x86_64-linux-gnu/libselinux.so.1
7fa26953f000-7fa269540000 rw-p 00025000 08:02 52957971                   /lib/x86_64-linux-gnu/libselinux.so.1
7fa269540000-7fa269542000 rw-p 00000000 00:00 0 
7fa269542000-7fa26955e000 r-xp 00000000 08:02 52957998                   /lib/x86_64-linux-gnu/libz.so.1.2.11
7fa26955e000-7fa26975d000 ---p 0001c000 08:02 52957998                   /lib/x86_64-linux-gnu/libz.so.1.2.11
7fa26975d000-7fa26975e000 r--p 0001b000 08:02 52957998                   /lib/x86_64-linux-gnu/libz.so.1.2.11
7fa26975e000-7fa26975f000 rw-p 0001c000 08:02 52957998                   /lib/x86_64-linux-gnu/libz.so.1.2.11
7fa26975f000-7fa26976b000 r-xp 00000000 08:02 54010613                   /usr/lib/x86_64-linux-gnu/libxcb-render.so.0.0.0
7fa26976b000-7fa26996a000 ---p 0000c000 08:02 54010613                   /usr/lib/x86_64-linux-gnu/libxcb-render.so.0.0.0
7fa26996a000-7fa26996b000 r--p 0000b000 08:02 54010613                   /usr/lib/x86_64-linux-gnu/libxcb-render.so.0.0.0
7fa26996b000-7fa26996c000 rw-p 0000c000 08:02 54010613                   /usr/lib/x86_64-linux-gnu/libxcb-render.so.0.0.0
7fa26996c000-7fa26996e000 r-xp 00000000 08:02 54010619                   /usr/lib/x86_64-linux-gnu/libxcb-shm.so.0.0.0
7fa26996e000-7fa269b6d000 ---p 00002000 08:02 54010619                   /usr/lib/x86_64-linux-gnu/libxcb-shm.so.0.0.0
7fa269b6d000-7fa269b6e000 r--p 00001000 08:02 54010619                   /usr/lib/x86_64-linux-gnu/libxcb-shm.so.0.0.0
7fa269b6e000-7fa269b6f000 rw-p 00002000 08:02 54010619                   /usr/lib/x86_64-linux-gnu/libxcb-shm.so.0.0.0
7fa269b6f000-7fa269ba0000 r-xp 00000000 08:02 54010291                   /usr/lib/x86_64-linux-gnu/libpng16.so.16.34.0
7fa269ba0000-7fa269d9f000 ---p 00031000 08:02 54010291                   /usr/lib/x86_64-linux-gnu/libpng16.so.16.34.0
7fa269d9f000-7fa269da0000 r--p 00030000 08:02 54010291                   /usr/lib/x86_64-linux-gnu/libpng16.so.16.34.0
7fa269da0000-7fa269da1000 rw-p 00031000 08:02 54010291                   /usr/lib/x86_64-linux-gnu/libpng16.so.16.34.0
7fa269da1000-7fa269e3e000 r-xp 00000000 08:02 54010285                   /usr/lib/x86_64-linux-gnu/libpixman-1.so.0.34.0
7fa269e3e000-7fa26a03d000 ---p 0009d000 08:02 54010285                   /usr/lib/x86_64-linux-gnu/libpixman-1.so.0.34.0
7fa26a03d000-7fa26a045000 r--p 0009c000 08:02 54010285                   /usr/lib/x86_64-linux-gnu/libpixman-1.so.0.34.0
7fa26a045000-7fa26a046000 rw-p 000a4000 08:02 54010285                   /usr/lib/x86_64-linux-gnu/libpixman-1.so.0.34.0
7fa26a046000-7fa26a0f3000 r-xp 00000000 08:02 54009801                   /usr/lib/x86_64-linux-gnu/libfreetype.so.6.15.0
7fa26a0f3000-7fa26a2f2000 ---p 000ad000 08:02 54009801                   /usr/lib/x86_64-linux-gnu/libfreetype.so.6.15.0
7fa26a2f2000-7fa26a2f9000 r--p 000ac000 08:02 54009801                   /usr/lib/x86_64-linux-gnu/libfreetype.so.6.15.0
7fa26a2f9000-7fa26a2fa000 rw-p 000b3000 08:02 54009801                   /usr/lib/x86_64-linux-gnu/libfreetype.so.6.15.0
7fa26a2fa000-7fa26a2fc000 r-xp 00000000 08:02 54009436                   /usr/lib/x86_64-linux-gnu/libXdamage.so.1.1.0
7fa26a2fc000-7fa26a4fb000 ---p 00002000 08:02 54009436                   /usr/lib/x86_64-linux-gnu/libXdamage.so.1.1.0
7fa26a4fb000-7fa26a4fc000 r--p 00001000 08:02 54009436                   /usr/lib/x86_64-linux-gnu/libXdamage.so.1.1.0
7fa26a4fc000-7fa26a4fd000 rw-p 00002000 08:02 54009436                   /usr/lib/x86_64-linux-gnu/libXdamage.so.1.1.0
7fa26a4fd000-7fa26a4ff000 r-xp 00000000 08:02 54009432                   /usr/lib/x86_64-linux-gnu/libXcomposite.so.1.0.0
7fa26a4ff000-7fa26a6fe000 ---p 00002000 08:02 54009432                   /usr/lib/x86_64-linux-gnu/libXcomposite.so.1.0.0
7fa26a6fe000-7fa26a6ff000 r--p 00001000 08:02 54009432                   /usr/lib/x86_64-linux-gnu/libXcomposite.so.1.0.0
7fa26a6ff000-7fa26a700000 rw-p 00002000 08:02 54009432                   /usr/lib/x86_64-linux-gnu/libXcomposite.so.1.0.0
7fa26a700000-7fa26a70a000 r-xp 00000000 08:02 54009458                   /usr/lib/x86_64-linux-gnu/libXrandr.so.2.2.0
7fa26a70a000-7fa26a909000 ---p 0000a000 08:02 54009458                   /usr/lib/x86_64-linux-gnu/libXrandr.so.2.2.0
7fa26a909000-7fa26a90a000 r--p 00009000 08:02 54009458                   /usr/lib/x86_64-linux-gnu/libXrandr.so.2.2.0
7fa26a90a000-7fa26a90b000 rw-p 0000a000 08:02 54009458                   /usr/lib/x86_64-linux-gnu/libXrandr.so.2.2.0
7fa26a90b000-7fa26a90d000 r-xp 00000000 08:02 54009450                   /usr/lib/x86_64-linux-gnu/libXinerama.so.1.0.0
7fa26a90d000-7fa26ab0c000 ---p 00002000 08:02 54009450                   /usr/lib/x86_64-linux-gnu/libXinerama.so.1.0.0
7fa26ab0c000-7fa26ab0d000 r--p 00001000 08:02 54009450                   /usr/lib/x86_64-linux-gnu/libXinerama.so.1.0.0
7fa26ab0d000-7fa26ab0e000 rw-p 00002000 08:02 54009450                   /usr/lib/x86_64-linux-gnu/libXinerama.so.1.0.0
7fa26ab0e000-7fa26ab4c000 r-xp 00000000 08:02 54009783                   /usr/lib/x86_64-linux-gnu/libfontconfig.so.1.10.1
7fa26ab4c000-7fa26ad4c000 ---p 0003e000 08:02 54009783                   /usr/lib/x86_64-linux-gnu/libfontconfig.so.1.10.1
7fa26ad4c000-7fa26ad4e000 r--p 0003e000 08:02 54009783                   /usr/lib/x86_64-linux-gnu/libfontconfig.so.1.10.1
7fa26ad4e000-7fa26ad53000 rw-p 00040000 08:02 54009783                   /usr/lib/x86_64-linux-gnu/libfontconfig.so.1.10.1
7fa26ad53000-7fa26ae66000 r-xp 00000000 08:02 54004248                   /usr/lib/x86_64-linux-gnu/libglib-2.0.so.0.5600.2
7fa26ae66000-7fa26b066000 ---p 00113000 08:02 54004248                   /usr/lib/x86_64-linux-gnu/libglib-2.0.so.0.5600.2
7fa26b066000-7fa26b067000 r--p 00113000 08:02 54004248                   /usr/lib/x86_64-linux-gnu/libglib-2.0.so.0.5600.2
7fa26b067000-7fa26b068000 rw-p 00114000 08:02 54004248                   /usr/lib/x86_64-linux-gnu/libglib-2.0.so.0.5600.2
7fa26b068000-7fa26b069000 rw-p 00000000 00:00 0 
7fa26b069000-7fa26b0bb000 r-xp 00000000 08:02 54004250                   /usr/lib/x86_64-linux-gnu/libgobject-2.0.so.0.5600.2
7fa26b0bb000-7fa26b2bb000 ---p 00052000 08:02 54004250                   /usr/lib/x86_64-linux-gnu/libgobject-2.0.so.0.5600.2
7fa26b2bb000-7fa26b2bc000 r--p 00052000 08:02 54004250                   /usr/lib/x86_64-linux-gnu/libgobject-2.0.so.0.5600.2
7fa26b2bc000-7fa26b2bd000 rw-p 00053000 08:02 54004250                   /usr/lib/x86_64-linux-gnu/libgobject-2.0.so.0.5600.2
7fa26b2bd000-7fa26b307000 r-xp 00000000 08:02 54004319                   /usr/lib/x86_64-linux-gnu/libpango-1.0.so.0.4000.14
7fa26b307000-7fa26b506000 ---p 0004a000 08:02 54004319                   /usr/lib/x86_64-linux-gnu/libpango-1.0.so.0.4000.14
7fa26b506000-7fa26b509000 r--p 00049000 08:02 54004319                   /usr/lib/x86_64-linux-gnu/libpango-1.0.so.0.4000.14
7fa26b509000-7fa26b50a000 rw-p 0004c000 08:02 54004319                   /usr/lib/x86_64-linux-gnu/libpango-1.0.so.0.4000.14
7fa26b50a000-7fa26b51e000 r-xp 00000000 08:02 54004321                   /usr/lib/x86_64-linux-gnu/libpangoft2-1.0.so.0.4000.14
7fa26b51e000-7fa26b71e000 ---p 00014000 08:02 54004321                   /usr/lib/x86_64-linux-gnu/libpangoft2-1.0.so.0.4000.14
7fa26b71e000-7fa26b71f000 r--p 00014000 08:02 54004321                   /usr/lib/x86_64-linux-gnu/libpangoft2-1.0.so.0.4000.14
7fa26b71f000-7fa26b720000 rw-p 00015000 08:02 54004321                   /usr/lib/x86_64-linux-gnu/libpangoft2-1.0.so.0.4000.14
7fa26b720000-7fa26b8b5000 r-xp 00000000 08:02 54004247                   /usr/lib/x86_64-linux-gnu/libgio-2.0.so.0.5600.2
7fa26b8b5000-7fa26bab5000 ---p 00195000 08:02 54004247                   /usr/lib/x86_64-linux-gnu/libgio-2.0.so.0.5600.2
7fa26bab5000-7fa26babc000 r--p 00195000 08:02 54004247                   /usr/lib/x86_64-linux-gnu/libgio-2.0.so.0.5600.2
7fa26babc000-7fa26babd000 rw-p 0019c000 08:02 54004247                   /usr/lib/x86_64-linux-gnu/libgio-2.0.so.0.5600.2
7fa26babd000-7fa26babf000 rw-p 00000000 00:00 0 
7fa26babf000-7fa26bae1000 r-xp 00000000 08:02 54009839                   /usr/lib/x86_64-linux-gnu/libgdk_pixbuf-2.0.so.0.3611.0
7fa26bae1000-7fa26bce1000 ---p 00022000 08:02 54009839                   /usr/lib/x86_64-linux-gnu/libgdk_pixbuf-2.0.so.0.3611.0
7fa26bce1000-7fa26bce2000 r--p 00022000 08:02 54009839                   /usr/lib/x86_64-linux-gnu/libgdk_pixbuf-2.0.so.0.3611.0
7fa26bce2000-7fa26bce3000 rw-p 00023000 08:02 54009839                   /usr/lib/x86_64-linux-gnu/libgdk_pixbuf-2.0.so.0.3611.0
7fa26bce3000-7fa26bdfb000 r-xp 00000000 08:02 54009578                   /usr/lib/x86_64-linux-gnu/libcairo.so.2.11510.0
7fa26bdfb000-7fa26bffa000 ---p 00118000 08:02 54009578                   /usr/lib/x86_64-linux-gnu/libcairo.so.2.11510.0
7fa26bffa000-7fa26bffd000 r--p 00117000 08:02 54009578                   /usr/lib/x86_64-linux-gnu/libcairo.so.2.11510.0
7fa26bffd000-7fa26bfff000 rw-p 0011a000 08:02 54009578                   /usr/lib/x86_64-linux-gnu/libcairo.so.2.11510.0
7fa26bfff000-7fa26c000000 rw-p 00000000 00:00 0 
7fa26c000000-7fa26c021000 rw-p 00000000 00:00 0 
7fa26c021000-7fa270000000 ---p 00000000 00:00 0 
7fa270001000-7fa270006000 r--p 00000000 08:02 55443458                   /usr/share/icons/hicolor/icon-theme.cache
7fa270006000-7fa270019000 r--s 00000000 08:02 55052565                   /usr/share/fonts/type1/gsfonts/b018015l.pfb
7fa270019000-7fa270031000 r--s 00000000 08:02 55052580                   /usr/share/fonts/type1/gsfonts/c059033l.pfb
7fa270031000-7fa270043000 r--s 00000000 08:02 55052592                   /usr/share/fonts/type1/gsfonts/n019004l.pfb
7fa270043000-7fa27004f000 r--s 00000000 08:02 55052586                   /usr/share/fonts/type1/gsfonts/d050000l.pfb
7fa27004f000-7fa27005f000 r--s 00000000 08:02 55052550                   /usr/share/fonts/type1/gsfonts/a010013l.pfb
7fa27005f000-7fa270075000 r--s 00000000 08:02 55052622                   /usr/share/fonts/type1/gsfonts/n021024l.pfb
7fa270075000-7fa27007f000 r--s 00000000 08:02 55051784                   /usr/share/fonts/X11/Type1/c0419bt_.pfb
7fa27007f000-7fa270089000 r--s 00000000 08:02 55051790                   /usr/share/fonts/X11/Type1/c0611bt_.pfb
7fa270089000-7fa270093000 r--s 00000000 08:02 55051786                   /usr/share/fonts/X11/Type1/c0582bt_.pfb
7fa270093000-7fa27009c000 r--s 00000000 08:02 55051792                   /usr/share/fonts/X11/Type1/c0632bt_.pfb
7fa27009c000-7fa2700a5000 r--s 00000000 08:02 55051796                   /usr/share/fonts/X11/Type1/c0648bt_.pfb
7fa2700a5000-7fa2700ae000 r--s 00000000 08:02 55051794                   /usr/share/fonts/X11/Type1/c0633bt_.pfb
7fa2700ae000-7fa2700b7000 r--s 00000000 08:02 55051798                   /usr/share/fonts/X11/Type1/c0649bt_.pfb
7fa2700b7000-7fa2700c1000 r--s 00000000 08:02 55051788                   /usr/share/fonts/X11/Type1/c0583bt_.pfb
7fa2700c1000-7fa2700cc000 r--s 00000000 08:02 9961611                    /var/cache/fontconfig/945677eb7aeaf62f1d50efc3fb3ec7d8-le64.cache-7
7fa2700cc000-7fa2700d1000 r--s 00000000 08:02 9961582                    /var/cache/fontconfig/2300eef321c393bfd76478a5c0e95b23-le64.cache-7
7fa2700d1000-7fa2700f3000 r-xp 00000000 08:02 54009513                   /usr/lib/x86_64-linux-gnu/libatk-1.0.so.0.22810.1
7fa2700f3000-7fa2702f3000 ---p 00022000 08:02 54009513                   /usr/lib/x86_64-linux-gnu/libatk-1.0.so.0.22810.1
7fa2702f3000-7fa2702f6000 r--p 00022000 08:02 54009513                   /usr/lib/x86_64-linux-gnu/libatk-1.0.so.0.22810.1
7fa2702f6000-7fa2702f7000 rw-p 00025000 08:02 54009513                   /usr/lib/x86_64-linux-gnu/libatk-1.0.so.0.22810.1
7fa2702f7000-7fa270303000 r-xp 00000000 08:02 54004323                   /usr/lib/x86_64-linux-gnu/libpangocairo-1.0.so.0.4000.14
7fa270303000-7fa270502000 ---p 0000c000 08:02 54004323                   /usr/lib/x86_64-linux-gnu/libpangocairo-1.0.so.0.4000.14
7fa270502000-7fa270503000 r--p 0000b000 08:02 54004323                   /usr/lib/x86_64-linux-gnu/libpangocairo-1.0.so.0.4000.14
7fa270503000-7fa270504000 rw-p 0000c000 08:02 54004323                   /usr/lib/x86_64-linux-gnu/libpangocairo-1.0.so.0.4000.14
7fa270504000-7fa270507000 r-xp 00000000 08:02 54004249                   /usr/lib/x86_64-linux-gnu/libgmodule-2.0.so.0.5600.2
7fa270507000-7fa270706000 ---p 00003000 08:02 54004249                   /usr/lib/x86_64-linux-gnu/libgmodule-2.0.so.0.5600.2
7fa270706000-7fa270707000 r--p 00002000 08:02 54004249                   /usr/lib/x86_64-linux-gnu/libgmodule-2.0.so.0.5600.2
7fa270707000-7fa270708000 rw-p 00003000 08:02 54004249                   /usr/lib/x86_64-linux-gnu/libgmodule-2.0.so.0.5600.2
7fa270708000-7fa2707b8000 r-xp 00000000 08:02 54009837                   /usr/lib/x86_64-linux-gnu/libgdk-x11-2.0.so.0.2400.32
7fa2707b8000-7fa2709b7000 ---p 000b0000 08:02 54009837                   /usr/lib/x86_64-linux-gnu/libgdk-x11-2.0.so.0.2400.32
7fa2709b7000-7fa2709bb000 r--p 000af000 08:02 54009837                   /usr/lib/x86_64-linux-gnu/libgdk-x11-2.0.so.0.2400.32
7fa2709bb000-7fa2709bd000 rw-p 000b3000 08:02 54009837                   /usr/lib/x86_64-linux-gnu/libgdk-x11-2.0.so.0.2400.32
7fa2709bd000-7fa270df2000 r-xp 00000000 08:02 54009970                   /usr/lib/x86_64-linux-gnu/libgtk-x11-2.0.so.0.2400.32
7fa270df2000-7fa270ff1000 ---p 00435000 08:02 54009970                   /usr/lib/x86_64-linux-gnu/libgtk-x11-2.0.so.0.2400.32
7fa270ff1000-7fa270ff8000 r--p 00434000 08:02 54009970                   /usr/lib/x86_64-linux-gnu/libgtk-x11-2.0.so.0.2400.32
7fa270ff8000-7fa270ffc000 rw-p 0043b000 08:02 54009970                   /usr/lib/x86_64-linux-gnu/libgtk-x11-2.0.so.0.2400.32
7fa270ffc000-7fa274000000 rw-p 00000000 00:00 0 
7fa274000000-7fa274021000 rw-p 00000000 00:00 0 
7fa274021000-7fa278000000 ---p 00000000 00:00 0 
7fa278000000-7fa2782e8000 rw-p 00000000 00:00 0 
7fa2782e8000-7fa27c000000 ---p 00000000 00:00 0 
7fa27c000000-7fa27c02f000 rw-p 00000000 00:00 0 
7fa27c02f000-7fa280000000 ---p 00000000 00:00 0 
7fa280000000-7fa280021000 rw-p 00000000 00:00 0 
7fa280021000-7fa284000000 ---p 00000000 00:00 0 
7fa284000000-7fa284021000 rw-p 00000000 00:00 0 
7fa284021000-7fa288000000 ---p 00000000 00:00 0 
7fa288000000-7fa288021000 rw-p 00000000 00:00 0 
7fa288021000-7fa28c000000 ---p 00000000 00:00 0 
7fa28c000000-7fa28c870000 rw-p 00000000 00:00 0 
7fa28c870000-7fa290000000 ---p 00000000 00:00 0 
7fa290000000-7fa290021000 rw-p 00000000 00:00 0 
7fa290021000-7fa294000000 ---p 00000000 00:00 0 
7fa294000000-7fa2940e1000 rw-p 00000000 00:00 0 
7fa2940e1000-7fa298000000 ---p 00000000 00:00 0 
7fa298000000-7fa2980ba000 rw-p 00000000 00:00 0 
7fa2980ba000-7fa29c000000 ---p 00000000 00:00 0 
7fa29c000000-7fa29c021000 rw-p 00000000 00:00 0 
7fa29c021000-7fa2a0000000 ---p 00000000 00:00 0 
7fa2a0000000-7fa2a0021000 rw-p 00000000 00:00 0 
7fa2a0021000-7fa2a4000000 ---p 00000000 00:00 0 
7fa2a4000000-7fa2a4021000 rw-p 00000000 00:00 0 
7fa2a4021000-7fa2a8000000 ---p 00000000 00:00 0 
7fa2a8000000-7fa2a8021000 rw-p 00000000 00:00 0 
7fa2a8021000-7fa2ac000000 ---p 00000000 00:00 0 
7fa2ac000000-7fa2ac021000 rw-p 00000000 00:00 0 
7fa2ac021000-7fa2b0000000 ---p 00000000 00:00 0 
7fa2b0000000-7fa2b0021000 rw-p 00000000 00:00 0 
7fa2b0021000-7fa2b4000000 ---p 00000000 00:00 0 
7fa2b4000000-7fa2b4021000 rw-p 00000000 00:00 0 
7fa2b4021000-7fa2b8000000 ---p 00000000 00:00 0 
7fa2b8004000-7fa2b8005000 r--s 00000000 08:02 9961575                    /var/cache/fontconfig/0d8c3b2ac0904cb8a57a757ad11a4a08-le64.cache-7
7fa2b8005000-7fa2b801a000 r--s 00000000 08:02 9961571                    /var/cache/fontconfig/04aabc0a78ac019cf9454389977116d2-le64.cache-7
7fa2b801a000-7fa2b801b000 r--s 00000000 08:02 9961579                    /var/cache/fontconfig/1ac9eb803944fde146138c791f5cc56a-le64.cache-7
7fa2b801b000-7fa2b801c000 r--s 00000000 08:02 9961630                    /var/cache/fontconfig/dc05db6664285cc2f12bf69c139ae4c3-le64.cache-7
7fa2b801c000-7fa2b801e000 r--s 00000000 08:02 9961576                    /var/cache/fontconfig/14a5e22175779b556eaa434240950366-le64.cache-7
7fa2b801e000-7fa2b801f000 r--s 00000000 08:02 9961603                    /var/cache/fontconfig/660208299946a285a940457d1287da33-le64.cache-7
7fa2b801f000-7fa2b8021000 r--s 00000000 08:02 9961594                    /var/cache/fontconfig/4f3e3037c9980c83b53a9351efadef62-le64.cache-7
7fa2b8021000-7fa2b8023000 r--s 00000000 08:02 9961608                    /var/cache/fontconfig/767a8244fc0220cfb567a839d0392e0b-le64.cache-7
7fa2b8023000-7fa2b8024000 r--s 00000000 08:02 9964053                    /var/cache/fontconfig/4794a0821666d79190d59a36cb4f44b5-le64.cache-7
7fa2b8024000-7fa2b8029000 r--s 00000000 08:02 9961631                    /var/cache/fontconfig/def309198bfa603429122923fa2bb2d4-le64.cache-7
7fa2b8029000-7fa2b802c000 ---p 00000000 00:00 0 
7fa2b802c000-7fa2b832a000 rw-p 00000000 00:00 0 
7fa2b832a000-7fa2b8396000 r-xp 00000000 08:02 55452213                   /usr/lib/jvm/java-8-oracle/jre/lib/amd64/libt2k.so
7fa2b8396000-7fa2b8596000 ---p 0006c000 08:02 55452213                   /usr/lib/jvm/java-8-oracle/jre/lib/amd64/libt2k.so
7fa2b8596000-7fa2b859c000 r--p 0006c000 08:02 55452213                   /usr/lib/jvm/java-8-oracle/jre/lib/amd64/libt2k.so
7fa2b859c000-7fa2b859d000 rw-p 00072000 08:02 55452213                   /usr/lib/jvm/java-8-oracle/jre/lib/amd64/libt2k.so
7fa2b859d000-7fa2b85ae000 r-xp 00000000 08:02 55452254                   /usr/lib/jvm/java-8-oracle/jre/lib/amd64/libnio.so
7fa2b85ae000-7fa2b87ad000 ---p 00011000 08:02 55452254                   /usr/lib/jvm/java-8-oracle/jre/lib/amd64/libnio.so
7fa2b87ad000-7fa2b87ae000 r--p 00010000 08:02 55452254                   /usr/lib/jvm/java-8-oracle/jre/lib/amd64/libnio.so
7fa2b87ae000-7fa2b87af000 rw-p 00011000 08:02 55452254                   /usr/lib/jvm/java-8-oracle/jre/lib/amd64/libnio.so
7fa2b87af000-7fa2b87c5000 r-xp 00000000 08:02 55452251                   /usr/lib/jvm/java-8-oracle/jre/lib/amd64/libnet.so
7fa2b87c5000-7fa2b89c4000 ---p 00016000 08:02 55452251                   /usr/lib/jvm/java-8-oracle/jre/lib/amd64/libnet.so
7fa2b89c4000-7fa2b89c5000 r--p 00015000 08:02 55452251                   /usr/lib/jvm/java-8-oracle/jre/lib/amd64/libnet.so
7fa2b89c5000-7fa2b89c6000 rw-p 00016000 08:02 55452251                   /usr/lib/jvm/java-8-oracle/jre/lib/amd64/libnet.so
7fa2b89c6000-7fa2b8bc6000 rw-p 00000000 00:00 0 
7fa2b8bc6000-7fa2b8bc9000 ---p 00000000 00:00 0 
7fa2b8bc9000-7fa2b8cc7000 rw-p 00000000 00:00 0 
7fa2b8cc7000-7fa2b8cca000 ---p 00000000 00:00 0 
7fa2b8cca000-7fa2b8dc8000 rw-p 00000000 00:00 0 
7fa2b8dc8000-7fa2b8dcb000 ---p 00000000 00:00 0 
7fa2b8dcb000-7fa2b8ec9000 rw-p 00000000 00:00 0 
7fa2b8ec9000-7fa2b8ecc000 ---p 00000000 00:00 0 
7fa2b8ecc000-7fa2b8fca000 rw-p 00000000 00:00 0 
7fa2b8fca000-7fa2b8fcf000 r-xp 00000000 08:02 54009442                   /usr/lib/x86_64-linux-gnu/libXfixes.so.3.1.0
7fa2b8fcf000-7fa2b91ce000 ---p 00005000 08:02 54009442                   /usr/lib/x86_64-linux-gnu/libXfixes.so.3.1.0
7fa2b91ce000-7fa2b91cf000 r--p 00004000 08:02 54009442                   /usr/lib/x86_64-linux-gnu/libXfixes.so.3.1.0
7fa2b91cf000-7fa2b91d0000 rw-p 00005000 08:02 54009442                   /usr/lib/x86_64-linux-gnu/libXfixes.so.3.1.0
7fa2b91d0000-7fa2b91d9000 r-xp 00000000 08:02 54009434                   /usr/lib/x86_64-linux-gnu/libXcursor.so.1.0.2
7fa2b91d9000-7fa2b93d8000 ---p 00009000 08:02 54009434                   /usr/lib/x86_64-linux-gnu/libXcursor.so.1.0.2
7fa2b93d8000-7fa2b93d9000 r--p 00008000 08:02 54009434                   /usr/lib/x86_64-linux-gnu/libXcursor.so.1.0.2
7fa2b93d9000-7fa2b93da000 rw-p 00009000 08:02 54009434                   /usr/lib/x86_64-linux-gnu/libXcursor.so.1.0.2
7fa2b93da000-7fa2b93dd000 ---p 00000000 00:00 0 
7fa2b93dd000-7fa2b94db000 rw-p 00000000 00:00 0 
7fa2b94db000-7fa2b94f2000 r-xp 00000000 08:02 52957401                   /lib/x86_64-linux-gnu/libgcc_s.so.1
7fa2b94f2000-7fa2b96f1000 ---p 00017000 08:02 52957401                   /lib/x86_64-linux-gnu/libgcc_s.so.1
7fa2b96f1000-7fa2b96f2000 r--p 00016000 08:02 52957401                   /lib/x86_64-linux-gnu/libgcc_s.so.1
7fa2b96f2000-7fa2b96f3000 rw-p 00017000 08:02 52957401                   /lib/x86_64-linux-gnu/libgcc_s.so.1
7fa2b96f3000-7fa2b9750000 r-xp 00000000 08:02 55452231                   /usr/lib/jvm/java-8-oracle/jre/lib/amd64/libfontmanager.so
7fa2b9750000-7fa2b9950000 ---p 0005d000 08:02 55452231                   /usr/lib/jvm/java-8-oracle/jre/lib/amd64/libfontmanager.so
7fa2b9950000-7fa2b9953000 r--p 0005d000 08:02 55452231                   /usr/lib/jvm/java-8-oracle/jre/lib/amd64/libfontmanager.so
7fa2b9953000-7fa2b9954000 rw-p 00060000 08:02 55452231                   /usr/lib/jvm/java-8-oracle/jre/lib/amd64/libfontmanager.so
7fa2b9954000-7fa2b9967000 r-xp 00000000 08:02 52957822                   /lib/x86_64-linux-gnu/libbsd.so.0.8.7
7fa2b9967000-7fa2b9b66000 ---p 00013000 08:02 52957822                   /lib/x86_64-linux-gnu/libbsd.so.0.8.7
7fa2b9b66000-7fa2b9b67000 r--p 00012000 08:02 52957822                   /lib/x86_64-linux-gnu/libbsd.so.0.8.7
7fa2b9b67000-7fa2b9b68000 rw-p 00013000 08:02 52957822                   /lib/x86_64-linux-gnu/libbsd.so.0.8.7
7fa2b9b68000-7fa2b9b69000 rw-p 00000000 00:00 0 
7fa2b9b69000-7fa2b9b6e000 r-xp 00000000 08:02 54009438                   /usr/lib/x86_64-linux-gnu/libXdmcp.so.6.0.0
7fa2b9b6e000-7fa2b9d6d000 ---p 00005000 08:02 54009438                   /usr/lib/x86_64-linux-gnu/libXdmcp.so.6.0.0
7fa2b9d6d000-7fa2b9d6e000 r--p 00004000 08:02 54009438                   /usr/lib/x86_64-linux-gnu/libXdmcp.so.6.0.0
7fa2b9d6e000-7fa2b9d6f000 rw-p 00005000 08:02 54009438                   /usr/lib/x86_64-linux-gnu/libXdmcp.so.6.0.0
7fa2b9d6f000-7fa2b9d71000 r-xp 00000000 08:02 54009427                   /usr/lib/x86_64-linux-gnu/libXau.so.6.0.0
7fa2b9d71000-7fa2b9f71000 ---p 00002000 08:02 54009427                   /usr/lib/x86_64-linux-gnu/libXau.so.6.0.0
7fa2b9f71000-7fa2b9f72000 r--p 00002000 08:02 54009427                   /usr/lib/x86_64-linux-gnu/libXau.so.6.0.0
7fa2b9f72000-7fa2b9f73000 rw-p 00003000 08:02 54009427                   /usr/lib/x86_64-linux-gnu/libXau.so.6.0.0
7fa2b9f73000-7fa2b9f99000 r-xp 00000000 08:02 54010631                   /usr/lib/x86_64-linux-gnu/libxcb.so.1.1.0
7fa2b9f99000-7fa2ba199000 ---p 00026000 08:02 54010631                   /usr/lib/x86_64-linux-gnu/libxcb.so.1.1.0
7fa2ba199000-7fa2ba19a000 r--p 00026000 08:02 54010631                   /usr/lib/x86_64-linux-gnu/libxcb.so.1.1.0
7fa2ba19a000-7fa2ba19b000 rw-p 00027000 08:02 54010631                   /usr/lib/x86_64-linux-gnu/libxcb.so.1.1.0
7fa2ba19b000-7fa2ba1aa000 r-xp 00000000 08:02 54009448                   /usr/lib/x86_64-linux-gnu/libXi.so.6.1.0
7fa2ba1aa000-7fa2ba3a9000 ---p 0000f000 08:02 54009448                   /usr/lib/x86_64-linux-gnu/libXi.so.6.1.0
7fa2ba3a9000-7fa2ba3aa000 r--p 0000e000 08:02 54009448                   /usr/lib/x86_64-linux-gnu/libXi.so.6.1.0
7fa2ba3aa000-7fa2ba3ab000 rw-p 0000f000 08:02 54009448                   /usr/lib/x86_64-linux-gnu/libXi.so.6.1.0
7fa2ba3ab000-7fa2ba3b0000 r-xp 00000000 08:02 54009466                   /usr/lib/x86_64-linux-gnu/libXtst.so.6.1.0
7fa2ba3b0000-7fa2ba5af000 ---p 00005000 08:02 54009466                   /usr/lib/x86_64-linux-gnu/libXtst.so.6.1.0
7fa2ba5af000-7fa2ba5b0000 r--p 00004000 08:02 54009466                   /usr/lib/x86_64-linux-gnu/libXtst.so.6.1.0
7fa2ba5b0000-7fa2ba5b1000 rw-p 00005000 08:02 54009466                   /usr/lib/x86_64-linux-gnu/libXtst.so.6.1.0
7fa2ba5b1000-7fa2ba5ba000 r-xp 00000000 08:02 54009460                   /usr/lib/x86_64-linux-gnu/libXrender.so.1.3.0
7fa2ba5ba000-7fa2ba7b9000 ---p 00009000 08:02 54009460                   /usr/lib/x86_64-linux-gnu/libXrender.so.1.3.0
7fa2ba7b9000-7fa2ba7ba000 r--p 00008000 08:02 54009460                   /usr/lib/x86_64-linux-gnu/libXrender.so.1.3.0
7fa2ba7ba000-7fa2ba7bb000 rw-p 00009000 08:02 54009460                   /usr/lib/x86_64-linux-gnu/libXrender.so.1.3.0
7fa2ba7bb000-7fa2ba8ee000 r-xp 00000000 08:02 54002054                   /usr/lib/x86_64-linux-gnu/libX11.so.6.3.0
7fa2ba8ee000-7fa2baaee000 ---p 00133000 08:02 54002054                   /usr/lib/x86_64-linux-gnu/libX11.so.6.3.0
7fa2baaee000-7fa2baaef000 r--p 00133000 08:02 54002054                   /usr/lib/x86_64-linux-gnu/libX11.so.6.3.0
7fa2baaef000-7fa2baaf3000 rw-p 00134000 08:02 54002054                   /usr/lib/x86_64-linux-gnu/libX11.so.6.3.0
7fa2baaf3000-7fa2bab04000 r-xp 00000000 08:02 54009440                   /usr/lib/x86_64-linux-gnu/libXext.so.6.4.0
7fa2bab04000-7fa2bad03000 ---p 00011000 08:02 54009440                   /usr/lib/x86_64-linux-gnu/libXext.so.6.4.0
7fa2bad03000-7fa2bad04000 r--p 00010000 08:02 54009440                   /usr/lib/x86_64-linux-gnu/libXext.so.6.4.0
7fa2bad04000-7fa2bad05000 rw-p 00011000 08:02 54009440                   /usr/lib/x86_64-linux-gnu/libXext.so.6.4.0
7fa2bad05000-7fa2bad58000 r-xp 00000000 08:02 55452258                   /usr/lib/jvm/java-8-oracle/jre/lib/amd64/libawt_xawt.so
7fa2bad58000-7fa2baf57000 ---p 00053000 08:02 55452258                   /usr/lib/jvm/java-8-oracle/jre/lib/amd64/libawt_xawt.so
7fa2baf57000-7fa2baf58000 r--p 00052000 08:02 55452258                   /usr/lib/jvm/java-8-oracle/jre/lib/amd64/libawt_xawt.so
7fa2baf58000-7fa2baf5b000 rw-p 00053000 08:02 55452258                   /usr/lib/jvm/java-8-oracle/jre/lib/amd64/libawt_xawt.so
7fa2baf5b000-7fa2baf5c000 rw-p 00000000 00:00 0 
7fa2baf5c000-7fa2baffb000 r-xp 00000000 08:02 55452244                   /usr/lib/jvm/java-8-oracle/jre/lib/amd64/libawt.so
7fa2baffb000-7fa2bb1fb000 ---p 0009f000 08:02 55452244                   /usr/lib/jvm/java-8-oracle/jre/lib/amd64/libawt.so
7fa2bb1fb000-7fa2bb1fc000 r--p 0009f000 08:02 55452244                   /usr/lib/jvm/java-8-oracle/jre/lib/amd64/libawt.so
7fa2bb1fc000-7fa2bb207000 rw-p 000a0000 08:02 55452244                   /usr/lib/jvm/java-8-oracle/jre/lib/amd64/libawt.so
7fa2bb207000-7fa2bb22c000 rw-p 00000000 00:00 0 
7fa2bb22c000-7fa2bb22d000 ---p 00000000 00:00 0 
7fa2bb22d000-7fa2bb32d000 rw-p 00000000 00:00 0 
7fa2bb32d000-7fa2bb330000 ---p 00000000 00:00 0 
7fa2bb330000-7fa2bb42e000 rw-p 00000000 00:00 0 
7fa2bb42e000-7fa2bb42f000 ---p 00000000 00:00 0 
7fa2bb42f000-7fa2bb432000 ---p 00000000 00:00 0 
7fa2bb432000-7fa2bb52f000 rw-p 00000000 00:00 0 
7fa2bb52f000-7fa2bb530000 ---p 00000000 00:00 0 
7fa2bb530000-7fa2bb533000 ---p 00000000 00:00 0 
7fa2bb533000-7fa2bb630000 rw-p 00000000 00:00 0 
7fa2bb630000-7fa2bc000000 r--p 00000000 08:02 54008379                   /usr/lib/locale/locale-archive
7fa2bc000000-7fa2bc021000 rw-p 00000000 00:00 0 
7fa2bc021000-7fa2c0000000 ---p 00000000 00:00 0 
7fa2c0000000-7fa2c0002000 r--s 00000000 08:02 9965438                    /var/cache/fontconfig/0bd3dc0958fa2205aaaa8ebb13e2872b-le64.cache-7
7fa2c0002000-7fa2c0003000 r--s 00000000 08:02 9961619                    /var/cache/fontconfig/b872e6e592da6075ffa4ab0a1fcc0c75-le64.cache-7
7fa2c0003000-7fa2c0004000 r--s 00000000 08:02 9961636                    /var/cache/fontconfig/f6d4eedfaab2589bde49f7a3ff831d22-le64.cache-7
7fa2c0004000-7fa2c0005000 r--s 00000000 08:02 9961601                    /var/cache/fontconfig/589f83ef4c36d296ce6e1c846f468f08-le64.cache-7
7fa2c0005000-7fa2c0006000 r--s 00000000 08:02 9961621                    /var/cache/fontconfig/bab58bb527bb656aaa9f116d68a48d89-le64.cache-7
7fa2c0006000-7fa2c0007000 r--s 00000000 08:02 9961580                    /var/cache/fontconfig/2171a34dccabdb6bcbbc728186263178-le64.cache-7
7fa2c0007000-7fa2c0008000 r--s 00000000 08:02 9961622                    /var/cache/fontconfig/c5c45a61289222e0d30b1a26ef4effbe-le64.cache-7
7fa2c0008000-7fa2c0009000 r--s 00000000 08:02 9961617                    /var/cache/fontconfig/aec30016f93e1b46d1a973dce0d74068-le64.cache-7
7fa2c0009000-7fa2c000a000 r--s 00000000 08:02 9961587                    /var/cache/fontconfig/3f589640d34b7dc9042c8d453f7c8b9c-le64.cache-7
7fa2c000a000-7fa2c000b000 r--s 00000000 08:02 9961577                    /var/cache/fontconfig/16c2fda60d1b4b719f4b3d06fd951d25-le64.cache-7
7fa2c000b000-7fa2c000c000 r--s 00000000 08:02 9961616                    /var/cache/fontconfig/a48eab177a16e4f3713381162db2f3e9-le64.cache-7
7fa2c000c000-7fa2c000d000 r--s 00000000 08:02 9961597                    /var/cache/fontconfig/564b2e68ac9bc4e36a6f7f6d6125ec1c-le64.cache-7
7fa2c000d000-7fa2c0012000 r--s 00000000 08:02 9965019                    /var/cache/fontconfig/9d2451b1fd30e5bffe8383fd27c35478-le64.cache-7
7fa2c0012000-7fa2c0018000 r--s 00000000 08:02 9962359                    /var/cache/fontconfig/3047814df9a2f067bd2d96a2b9c36e5a-le64.cache-7
7fa2c0018000-7fa2c0019000 r--s 00000000 08:02 9961598                    /var/cache/fontconfig/56cf4f4769d0f4abc89a4895d7bd3ae1-le64.cache-7
7fa2c0019000-7fa2c001a000 r--s 00000000 08:02 9961620                    /var/cache/fontconfig/b9d506c9ac06c20b433354fa67a72993-le64.cache-7
7fa2c001a000-7fa2c0020000 r--s 00000000 08:02 9961618                    /var/cache/fontconfig/b47c4e1ecd0709278f4910c18777a504-le64.cache-7
7fa2c0020000-7fa2c0033000 r--s 00000000 08:02 9961627                    /var/cache/fontconfig/d52a8644073d54c13679302ca1180695-le64.cache-7
7fa2c0033000-7fa2c0034000 r--s 00000000 08:02 9961585                    /var/cache/fontconfig/370e5b74bf5dafc30834de68e24a87a4-le64.cache-7
7fa2c0034000-7fa2c0035000 r--s 00000000 08:02 9961606                    /var/cache/fontconfig/6b2c5944714ca7831b25bed9e85cb5c8-le64.cache-7
7fa2c0035000-7fa2c0036000 r--s 00000000 08:02 9961626                    /var/cache/fontconfig/d5178ab6d91b49bf20a416737dcea9e8-le64.cache-7
7fa2c0036000-7fa2c0037000 r--s 00000000 08:02 9961596                    /var/cache/fontconfig/551ecf3b0e8b0bca0f25c0944f561853-le64.cache-7
7fa2c0037000-7fa2c003a000 r--s 00000000 08:02 9961635                    /var/cache/fontconfig/f259c2cffa685e28062317905db73c4a-le64.cache-7
7fa2c003a000-7fa2c003c000 r--s 00000000 08:02 9961595                    /var/cache/fontconfig/550f3886151c940c12a5ed35f6a00586-le64.cache-7
7fa2c003c000-7fa2c003f000 r--s 00000000 08:02 9961604                    /var/cache/fontconfig/674d1711f2d1d2a09646eb0bdcadee49-le64.cache-7
7fa2c003f000-7fa2c0040000 r--s 00000000 08:02 9961588                    /var/cache/fontconfig/3f7329c5293ffd510edef78f73874cfd-le64.cache-7
7fa2c0040000-7fa2c0044000 r--s 00000000 08:02 9961628                    /var/cache/fontconfig/d589a48862398ed80a3d6066f4f56f4c-le64.cache-7
7fa2c0044000-7fa2c0045000 r--s 00000000 08:02 9961574                    /var/cache/fontconfig/0c9eb80ebd1c36541ebe2852d3bb0c49-le64.cache-7
7fa2c0045000-7fa2c0046000 r--s 00000000 08:02 9961581                    /var/cache/fontconfig/22368d551a680bfe5a62c02760edf4ea-le64.cache-7
7fa2c0046000-7fa2c0047000 r--s 00000000 08:02 9961593                    /var/cache/fontconfig/4d9c95eba1cb85bbcf2878543262124a-le64.cache-7
7fa2c0047000-7fa2c0048000 r--s 00000000 08:02 9961610                    /var/cache/fontconfig/85e0a52ce643a7ba2ae53e5d6949cead-le64.cache-7
7fa2c0048000-7fa2c0049000 r--s 00000000 08:02 9961590                    /var/cache/fontconfig/49f0de54bdd920fe4f0dfd4cbac43e6b-le64.cache-7
7fa2c0049000-7fa2c004a000 r--s 00000000 08:02 9961637                    /var/cache/fontconfig/f6e6e0a5c3d2f6ae0c0c2e0ecd42a997-le64.cache-7
7fa2c004a000-7fa2c0058000 r--s 00000000 08:02 9961613                    /var/cache/fontconfig/9b89f8e3dae116d678bbf48e5f21f69b-le64.cache-7
7fa2c0058000-7fa2c005a000 r--s 00000000 08:02 9961605                    /var/cache/fontconfig/6afa1bb216ce958c1589e297e8008489-le64.cache-7
7fa2c005a000-7fa2c005d000 r--s 00000000 08:02 9961632                    /var/cache/fontconfig/e13b20fdb08344e0e664864cc2ede53d-le64.cache-7
7fa2c005d000-7fa2c005e000 ---p 00000000 00:00 0 
7fa2c005e000-7fa2c0061000 ---p 00000000 00:00 0 
7fa2c0061000-7fa2c015e000 rw-p 00000000 00:00 0 
7fa2c015e000-7fa2c0161000 ---p 00000000 00:00 0 
7fa2c0161000-7fa2c025f000 rw-p 00000000 00:00 0 
7fa2c025f000-7fa2c0262000 ---p 00000000 00:00 0 
7fa2c0262000-7fa2c0360000 rw-p 00000000 00:00 0 
7fa2c0360000-7fa2c0363000 ---p 00000000 00:00 0 
7fa2c0363000-7fa2c0461000 rw-p 00000000 00:00 0 
7fa2c0461000-7fa2c0462000 ---p 00000000 00:00 0 
7fa2c0462000-7fa2c5000000 rw-p 00000000 00:00 0 
7fa2c5000000-7fa2c5560000 rwxp 00000000 00:00 0 
7fa2c5560000-7fa2d4000000 ---p 00000000 00:00 0 
7fa2d4000000-7fa2d4663000 rw-p 00000000 00:00 0 
7fa2d4663000-7fa2d8000000 ---p 00000000 00:00 0 
7fa2d8000000-7fa2d8001000 r--s 00000000 08:02 9961591                    /var/cache/fontconfig/4b2eda6bb976bda485cb2176619421d5-le64.cache-7
7fa2d8001000-7fa2d8019000 r--s 00000000 08:02 55052625                   /usr/share/fonts/type1/gsfonts/n022003l.pfb
7fa2d801d000-7fa2d801f000 r--s 0000f000 07:14 1606                       /snap/eclipse/29/plugins/org.hamcrest.core_1.3.0.v20180420-1519.jar
7fa2d801f000-7fa2d8027000 r--s 00045000 07:14 1630                       /snap/eclipse/29/plugins/org.junit_4.12.0.v201504281640/junit.jar
7fa2d8027000-7fa2d8028000 r--s 00003000 07:14 812                        /snap/eclipse/29/plugins/org.apiguardian_1.0.0.v20180327-1502.jar
7fa2d8028000-7fa2d802a000 r--s 00004000 07:14 1635                       /snap/eclipse/29/plugins/org.opentest4j_1.0.0.v20180327-1502.jar
7fa2d802a000-7fa2d802d000 r--s 00012000 07:14 1620                       /snap/eclipse/29/plugins/org.junit.vintage.engine_5.1.0.v20180327-1502.jar
7fa2d802d000-7fa2d802f000 r--s 00006000 07:14 1619                       /snap/eclipse/29/plugins/org.junit.platform.suite.api_1.1.0.v20180327-1502.jar
7fa2d802f000-7fa2d8031000 r--s 00007000 07:14 1618                       /snap/eclipse/29/plugins/org.junit.platform.runner_1.1.0.v20180327-1502.jar
7fa2d8031000-7fa2d8034000 r--s 00016000 07:14 1617                       /snap/eclipse/29/plugins/org.junit.platform.launcher_1.1.0.v20180327-1502.jar
7fa2d8034000-7fa2d8037000 r--s 00019000 07:14 1616                       /snap/eclipse/29/plugins/org.junit.platform.engine_1.1.0.v20180327-1502.jar
7fa2d8037000-7fa2d803a000 r--s 00015000 07:14 1615                       /snap/eclipse/29/plugins/org.junit.platform.commons_1.1.0.v20180327-1502.jar
7fa2d803a000-7fa2d8045000 r--s 00071000 07:14 1614                       /snap/eclipse/29/plugins/org.junit.jupiter.params_5.1.0.v20180327-1502.jar
7fa2d8045000-7fa2d8049000 r--s 00025000 07:14 1612                       /snap/eclipse/29/plugins/org.junit.jupiter.engine_5.1.0.v20180327-1502.jar
7fa2d8049000-7fa2d804d000 r--s 0001d000 07:14 1611                       /snap/eclipse/29/plugins/org.junit.jupiter.api_5.1.0.v20180327-1502.jar
7fa2d804d000-7fa2d8221000 rw-p 00000000 00:00 0 
7fa2d8221000-7fa2d83fb000 r--s 03d6c000 08:02 55452027                   /usr/lib/jvm/java-8-oracle/jre/lib/rt.jar
7fa2d83fb000-7fa2d903a000 rw-p 00000000 00:00 0 
7fa2d903a000-7fa2d903b000 ---p 00000000 00:00 0 
7fa2d903b000-7fa2d913b000 rw-p 00000000 00:00 0 
7fa2d913b000-7fa2d913c000 ---p 00000000 00:00 0 
7fa2d913c000-7fa2d923c000 rw-p 00000000 00:00 0 
7fa2d923c000-7fa2d923d000 ---p 00000000 00:00 0 
7fa2d923d000-7fa2d933d000 rw-p 00000000 00:00 0 
7fa2d933d000-7fa2d933e000 ---p 00000000 00:00 0 
7fa2d933e000-7fa2d9467000 rw-p 00000000 00:00 0 
7fa2d9467000-7fa2d96c4000 ---p 00000000 00:00 0 
7fa2d96c4000-7fa2d96ed000 rw-p 00000000 00:00 0 
7fa2d96ed000-7fa2d994a000 ---p 00000000 00:00 0 
7fa2d994a000-7fa2d995f000 rw-p 00000000 00:00 0 
7fa2d995f000-7fa2d9a8d000 ---p 00000000 00:00 0 
7fa2d9a8d000-7fa2d9aa4000 rw-p 00000000 00:00 0 
7fa2d9aa4000-7fa2d9e4e000 ---p 00000000 00:00 0 
7fa2d9e4e000-7fa2d9e68000 r-xp 00000000 08:02 55452247                   /usr/lib/jvm/java-8-oracle/jre/lib/amd64/libzip.so
7fa2d9e68000-7fa2da068000 ---p 0001a000 08:02 55452247                   /usr/lib/jvm/java-8-oracle/jre/lib/amd64/libzip.so
7fa2da068000-7fa2da069000 r--p 0001a000 08:02 55452247                   /usr/lib/jvm/java-8-oracle/jre/lib/amd64/libzip.so
7fa2da069000-7fa2da06a000 rw-p 0001b000 08:02 55452247                   /usr/lib/jvm/java-8-oracle/jre/lib/amd64/libzip.so
7fa2da06a000-7fa2da075000 r-xp 00000000 08:02 52957916                   /lib/x86_64-linux-gnu/libnss_files-2.27.so
7fa2da075000-7fa2da274000 ---p 0000b000 08:02 52957916                   /lib/x86_64-linux-gnu/libnss_files-2.27.so
7fa2da274000-7fa2da275000 r--p 0000a000 08:02 52957916                   /lib/x86_64-linux-gnu/libnss_files-2.27.so
7fa2da275000-7fa2da276000 rw-p 0000b000 08:02 52957916                   /lib/x86_64-linux-gnu/libnss_files-2.27.so
7fa2da276000-7fa2da27c000 rw-p 00000000 00:00 0 
7fa2da27c000-7fa2da293000 r-xp 00000000 08:02 52957910                   /lib/x86_64-linux-gnu/libnsl-2.27.so
7fa2da293000-7fa2da492000 ---p 00017000 08:02 52957910                   /lib/x86_64-linux-gnu/libnsl-2.27.so
7fa2da492000-7fa2da493000 r--p 00016000 08:02 52957910                   /lib/x86_64-linux-gnu/libnsl-2.27.so
7fa2da493000-7fa2da494000 rw-p 00017000 08:02 52957910                   /lib/x86_64-linux-gnu/libnsl-2.27.so
7fa2da494000-7fa2da496000 rw-p 00000000 00:00 0 
7fa2da496000-7fa2da4a1000 r-xp 00000000 08:02 52957927                   /lib/x86_64-linux-gnu/libnss_nis-2.27.so
7fa2da4a1000-7fa2da6a0000 ---p 0000b000 08:02 52957927                   /lib/x86_64-linux-gnu/libnss_nis-2.27.so
7fa2da6a0000-7fa2da6a1000 r--p 0000a000 08:02 52957927                   /lib/x86_64-linux-gnu/libnss_nis-2.27.so
7fa2da6a1000-7fa2da6a2000 rw-p 0000b000 08:02 52957927                   /lib/x86_64-linux-gnu/libnss_nis-2.27.so
7fa2da6a2000-7fa2da6aa000 r-xp 00000000 08:02 52957912                   /lib/x86_64-linux-gnu/libnss_compat-2.27.so
7fa2da6aa000-7fa2da8aa000 ---p 00008000 08:02 52957912                   /lib/x86_64-linux-gnu/libnss_compat-2.27.so
7fa2da8aa000-7fa2da8ab000 r--p 00008000 08:02 52957912                   /lib/x86_64-linux-gnu/libnss_compat-2.27.so
7fa2da8ab000-7fa2da8ac000 rw-p 00009000 08:02 52957912                   /lib/x86_64-linux-gnu/libnss_compat-2.27.so
7fa2da8ac000-7fa2da8d9000 r-xp 00000000 08:02 55452241                   /usr/lib/jvm/java-8-oracle/jre/lib/amd64/libjava.so
7fa2da8d9000-7fa2daad8000 ---p 0002d000 08:02 55452241                   /usr/lib/jvm/java-8-oracle/jre/lib/amd64/libjava.so
7fa2daad8000-7fa2daad9000 r--p 0002c000 08:02 55452241                   /usr/lib/jvm/java-8-oracle/jre/lib/amd64/libjava.so
7fa2daad9000-7fa2daadb000 rw-p 0002d000 08:02 55452241                   /usr/lib/jvm/java-8-oracle/jre/lib/amd64/libjava.so
7fa2daadb000-7fa2daae8000 r-xp 00000000 08:02 55452246                   /usr/lib/jvm/java-8-oracle/jre/lib/amd64/libverify.so
7fa2daae8000-7fa2dace7000 ---p 0000d000 08:02 55452246                   /usr/lib/jvm/java-8-oracle/jre/lib/amd64/libverify.so
7fa2dace7000-7fa2dace9000 r--p 0000c000 08:02 55452246                   /usr/lib/jvm/java-8-oracle/jre/lib/amd64/libverify.so
7fa2dace9000-7fa2dacea000 rw-p 0000e000 08:02 55452246                   /usr/lib/jvm/java-8-oracle/jre/lib/amd64/libverify.so
7fa2dacea000-7fa2dacf1000 r-xp 00000000 08:02 52957967                   /lib/x86_64-linux-gnu/librt-2.27.so
7fa2dacf1000-7fa2daef0000 ---p 00007000 08:02 52957967                   /lib/x86_64-linux-gnu/librt-2.27.so
7fa2daef0000-7fa2daef1000 r--p 00006000 08:02 52957967                   /lib/x86_64-linux-gnu/librt-2.27.so
7fa2daef1000-7fa2daef2000 rw-p 00007000 08:02 52957967                   /lib/x86_64-linux-gnu/librt-2.27.so
7fa2daef2000-7fa2db08f000 r-xp 00000000 08:02 52957889                   /lib/x86_64-linux-gnu/libm-2.27.so
7fa2db08f000-7fa2db28e000 ---p 0019d000 08:02 52957889                   /lib/x86_64-linux-gnu/libm-2.27.so
7fa2db28e000-7fa2db28f000 r--p 0019c000 08:02 52957889                   /lib/x86_64-linux-gnu/libm-2.27.so
7fa2db28f000-7fa2db290000 rw-p 0019d000 08:02 52957889                   /lib/x86_64-linux-gnu/libm-2.27.so
7fa2db290000-7fa2dbf72000 r-xp 00000000 08:02 55452223                   /usr/lib/jvm/java-8-oracle/jre/lib/amd64/server/libjvm.so
7fa2dbf72000-7fa2dc172000 ---p 00ce2000 08:02 55452223                   /usr/lib/jvm/java-8-oracle/jre/lib/amd64/server/libjvm.so
7fa2dc172000-7fa2dc208000 r--p 00ce2000 08:02 55452223                   /usr/lib/jvm/java-8-oracle/jre/lib/amd64/server/libjvm.so
7fa2dc208000-7fa2dc239000 rw-p 00d78000 08:02 55452223                   /usr/lib/jvm/java-8-oracle/jre/lib/amd64/server/libjvm.so
7fa2dc239000-7fa2dc274000 rw-p 00000000 00:00 0 
7fa2dc274000-7fa2dc45b000 r-xp 00000000 08:02 52957826                   /lib/x86_64-linux-gnu/libc-2.27.so
7fa2dc45b000-7fa2dc65b000 ---p 001e7000 08:02 52957826                   /lib/x86_64-linux-gnu/libc-2.27.so
7fa2dc65b000-7fa2dc65f000 r--p 001e7000 08:02 52957826                   /lib/x86_64-linux-gnu/libc-2.27.so
7fa2dc65f000-7fa2dc661000 rw-p 001eb000 08:02 52957826                   /lib/x86_64-linux-gnu/libc-2.27.so
7fa2dc661000-7fa2dc665000 rw-p 00000000 00:00 0 
7fa2dc665000-7fa2dc668000 r-xp 00000000 08:02 52957849                   /lib/x86_64-linux-gnu/libdl-2.27.so
7fa2dc668000-7fa2dc867000 ---p 00003000 08:02 52957849                   /lib/x86_64-linux-gnu/libdl-2.27.so
7fa2dc867000-7fa2dc868000 r--p 00002000 08:02 52957849                   /lib/x86_64-linux-gnu/libdl-2.27.so
7fa2dc868000-7fa2dc869000 rw-p 00003000 08:02 52957849                   /lib/x86_64-linux-gnu/libdl-2.27.so
7fa2dc869000-7fa2dc880000 r-xp 00000000 08:02 55451890                   /usr/lib/jvm/java-8-oracle/lib/amd64/jli/libjli.so
7fa2dc880000-7fa2dca7f000 ---p 00017000 08:02 55451890                   /usr/lib/jvm/java-8-oracle/lib/amd64/jli/libjli.so
7fa2dca7f000-7fa2dca80000 r--p 00016000 08:02 55451890                   /usr/lib/jvm/java-8-oracle/lib/amd64/jli/libjli.so
7fa2dca80000-7fa2dca81000 rw-p 00017000 08:02 55451890                   /usr/lib/jvm/java-8-oracle/lib/amd64/jli/libjli.so
7fa2dca81000-7fa2dca9b000 r-xp 00000000 08:02 52957959                   /lib/x86_64-linux-gnu/libpthread-2.27.so
7fa2dca9b000-7fa2dcc9a000 ---p 0001a000 08:02 52957959                   /lib/x86_64-linux-gnu/libpthread-2.27.so
7fa2dcc9a000-7fa2dcc9b000 r--p 00019000 08:02 52957959                   /lib/x86_64-linux-gnu/libpthread-2.27.so
7fa2dcc9b000-7fa2dcc9c000 rw-p 0001a000 08:02 52957959                   /lib/x86_64-linux-gnu/libpthread-2.27.so
7fa2dcc9c000-7fa2dcca0000 rw-p 00000000 00:00 0 
7fa2dcca0000-7fa2dccc7000 r-xp 00000000 08:02 52957798                   /lib/x86_64-linux-gnu/ld-2.27.so
7fa2dccc7000-7fa2dcccc000 r--s 00084000 08:02 55451944                   /usr/lib/jvm/java-8-oracle/jre/lib/jfr.jar
7fa2dcccc000-7fa2dccdf000 r--s 00345000 08:02 55452065                   /usr/lib/jvm/java-8-oracle/jre/lib/resources.jar
7fa2dccdf000-7fa2dcda9000 rw-p 00000000 00:00 0 
7fa2dcda9000-7fa2dcdaa000 ---p 00000000 00:00 0 
7fa2dcdaa000-7fa2dcdad000 ---p 00000000 00:00 0 
7fa2dcdad000-7fa2dceae000 rw-p 00000000 00:00 0 
7fa2dceae000-7fa2dceb0000 r--s 00009000 07:14 1613                       /snap/eclipse/29/plugins/org.junit.jupiter.migrationsupport_5.1.0.v20180327-1502.jar
7fa2dceb0000-7fa2dceb5000 r--s 002f9000 08:02 55452025                   /usr/lib/jvm/java-8-oracle/jre/lib/charsets.jar
7fa2dceb5000-7fa2dceb8000 r--s 0001a000 08:02 55452267                   /usr/lib/jvm/java-8-oracle/jre/lib/jce.jar
7fa2dceb8000-7fa2dcebd000 r--s 000a0000 08:02 55452084                   /usr/lib/jvm/java-8-oracle/jre/lib/jsse.jar
7fa2dcebd000-7fa2dcec5000 rw-s 00000000 08:02 17301828                   /tmp/hsperfdata_abdelaziz/16918
7fa2dcec5000-7fa2dcec6000 rw-p 00000000 00:00 0 
7fa2dcec6000-7fa2dcec7000 r--p 00000000 00:00 0 
7fa2dcec7000-7fa2dcec8000 r--p 00027000 08:02 52957798                   /lib/x86_64-linux-gnu/ld-2.27.so
7fa2dcec8000-7fa2dcec9000 rw-p 00028000 08:02 52957798                   /lib/x86_64-linux-gnu/ld-2.27.so
7fa2dcec9000-7fa2dceca000 rw-p 00000000 00:00 0 
7ffc88ba5000-7ffc88bc7000 rw-p 00000000 00:00 0                          [stack]
7ffc88bea000-7ffc88bed000 r--p 00000000 00:00 0                          [vvar]
7ffc88bed000-7ffc88bef000 r-xp 00000000 00:00 0                          [vdso]
ffffffffff600000-ffffffffff601000 r-xp 00000000 00:00 0                  [vsyscall]

VM Arguments:
jvm_args: -Dfile.encoding=UTF-8 
java_command: controller.Controller
java_class_path (initial): /usr/lib/jvm/java-8-oracle/jre/lib/resources.jar:/usr/lib/jvm/java-8-oracle/jre/lib/rt.jar:/usr/lib/jvm/java-8-oracle/jre/lib/jsse.jar:/usr/lib/jvm/java-8-oracle/jre/lib/jce.jar:/usr/lib/jvm/java-8-oracle/jre/lib/charsets.jar:/usr/lib/jvm/java-8-oracle/jre/lib/jfr.jar:/usr/lib/jvm/java-8-oracle/jre/lib/ext/nashorn.jar:/usr/lib/jvm/java-8-oracle/jre/lib/ext/sunec.jar:/usr/lib/jvm/java-8-oracle/jre/lib/ext/localedata.jar:/usr/lib/jvm/java-8-oracle/jre/lib/ext/sunjce_provider.jar:/usr/lib/jvm/java-8-oracle/jre/lib/ext/cldrdata.jar:/usr/lib/jvm/java-8-oracle/jre/lib/ext/jfxrt.jar:/usr/lib/jvm/java-8-oracle/jre/lib/ext/jaccess.jar:/usr/lib/jvm/java-8-oracle/jre/lib/ext/sunpkcs11.jar:/usr/lib/jvm/java-8-oracle/jre/lib/ext/dnsns.jar:/usr/lib/jvm/java-8-oracle/jre/lib/ext/zipfs.jar:/home/abdelaziz/git/Optimod-Lyon/pldAgile/bin:/snap/eclipse/29/plugins/org.junit.jupiter.api_5.1.0.v20180327-1502.jar:/snap/eclipse/29/plugins/org.junit.jupiter.engine_5.1.0.v20180327-1502.jar:/snap/eclipse/29/plugins/org.junit.jupiter.migrationsupport_5.1.0.v20180327-1502.jar:/snap/eclipse/29/plugins/org.junit.jupiter.params_5.1.0.v20180327-1502.jar:/snap/eclipse/29/plugins/org.junit.platform.commons_1.1.0.v20180327-1502.jar:/snap/eclipse/29/plugins/org.junit.platform.engine_1.1.0.v20180327-1502.jar:/snap/eclipse/29/plugins/org.junit.platform.launcher_1.1.0.v20180327-1502.jar:/snap/eclipse/29/plugins/org.junit.platform.runner_1.1.0.v20180327-1502.jar:/snap/eclipse/29/plugins/org.junit.platform.suite.api_1.1.0.v20180327-1502.jar:/snap/eclipse/29/plugins/org.junit.vintage.engine_5.1.0.v20180327-1502.jar:/snap/eclipse/29/plugins/org.opentest4j_1.0.0.v20180327-1502.jar:/snap/eclipse/29/plugins/org.apiguardian_1.0.0.v20180327-1502.jar:/snap/eclipse/29/plugins/org.junit_4.12.0.v201504281640/junit.jar:/snap/eclipse/29/plugins/org.hamcrest.core_1.3.0.v20180420-1519.jar
Launcher Type: SUN_STANDARD

Environment Variables:
JAVA_HOME=/usr/lib/jvm/java-8-oracle
PATH=/usr/local/sbin:/usr/local/bin:/usr/sbin:/usr/bin:/sbin:/bin:/usr/games:/usr/local/games:/snap/bin:/usr/lib/jvm/java-8-oracle/bin:/usr/lib/jvm/java-8-oracle/db/bin:/usr/lib/jvm/java-8-oracle/jre/bin
USERNAME=abdelaziz
SHELL=/bin/bash
DISPLAY=:0

Signal Handlers:
SIGSEGV: [libjvm.so+0xaced60], sa_mask[0]=11111111011111111101111111111110, sa_flags=SA_RESTART|SA_SIGINFO
SIGBUS: [libjvm.so+0xaced60], sa_mask[0]=11111111011111111101111111111110, sa_flags=SA_RESTART|SA_SIGINFO
SIGFPE: [libjvm.so+0x907ca0], sa_mask[0]=11111111011111111101111111111110, sa_flags=SA_RESTART|SA_SIGINFO
SIGPIPE: SIG_IGN, sa_mask[0]=00000000000010000000000000000000, sa_flags=SA_RESTART
SIGXFSZ: [libjvm.so+0x907ca0], sa_mask[0]=11111111011111111101111111111110, sa_flags=SA_RESTART|SA_SIGINFO
SIGILL: [libjvm.so+0x907ca0], sa_mask[0]=11111111011111111101111111111110, sa_flags=SA_RESTART|SA_SIGINFO
SIGUSR1: SIG_DFL, sa_mask[0]=00000000000000000000000000000000, sa_flags=none
SIGUSR2: [libjvm.so+0x907b70], sa_mask[0]=00100000000000000000000000000000, sa_flags=SA_RESTART|SA_SIGINFO
SIGHUP: [libjvm.so+0x908190], sa_mask[0]=11111111011111111101111111111110, sa_flags=SA_RESTART|SA_SIGINFO
SIGINT: [libjvm.so+0x908190], sa_mask[0]=11111111011111111101111111111110, sa_flags=SA_RESTART|SA_SIGINFO
SIGTERM: [libjvm.so+0x908190], sa_mask[0]=11111111011111111101111111111110, sa_flags=SA_RESTART|SA_SIGINFO
SIGQUIT: [libjvm.so+0x908190], sa_mask[0]=11111111011111111101111111111110, sa_flags=SA_RESTART|SA_SIGINFO


---------------  S Y S T E M  ---------------

OS:DISTRIB_ID=Ubuntu
DISTRIB_RELEASE=18.04
DISTRIB_CODENAME=bionic
DISTRIB_DESCRIPTION="Ubuntu 18.04.1 LTS"

uname:Linux 4.15.0-38-generic #41-Ubuntu SMP Wed Oct 10 10:59:38 UTC 2018 x86_64
libc:glibc 2.27 NPTL 2.27 
rlimit: STACK 8192k, CORE 0k, NPROC 30478, NOFILE 1048576, AS infinity
load average:0.91 0.75 0.76

/proc/meminfo:
MemTotal:        7934828 kB
MemFree:         2503060 kB
MemAvailable:    4517140 kB
Buffers:          452908 kB
Cached:          1910416 kB
SwapCached:            0 kB
Active:          3819176 kB
Inactive:        1203588 kB
Active(anon):    2660540 kB
Inactive(anon):   270184 kB
Active(file):    1158636 kB
Inactive(file):   933404 kB
Unevictable:         152 kB
Mlocked:             152 kB
SwapTotal:       2097148 kB
SwapFree:        2097148 kB
Dirty:              3504 kB
Writeback:             0 kB
AnonPages:       2658912 kB
Mapped:           370908 kB
Shmem:            271548 kB
Slab:             287380 kB
SReclaimable:     229928 kB
SUnreclaim:        57452 kB
KernelStack:       11720 kB
PageTables:        36100 kB
NFS_Unstable:          0 kB
Bounce:                0 kB
WritebackTmp:          0 kB
CommitLimit:     6064560 kB
Committed_AS:    7533900 kB
VmallocTotal:   34359738367 kB
VmallocUsed:           0 kB
VmallocChunk:          0 kB
HardwareCorrupted:     0 kB
AnonHugePages:         0 kB
ShmemHugePages:        0 kB
ShmemPmdMapped:        0 kB
CmaTotal:              0 kB
CmaFree:               0 kB
HugePages_Total:       0
HugePages_Free:        0
HugePages_Rsvd:        0
HugePages_Surp:        0
Hugepagesize:       2048 kB
DirectMap4k:      256640 kB
DirectMap2M:     6848512 kB
DirectMap1G:     2097152 kB

container (cgroup) information:
container_type: cgroupv1
cpu_cpuset_cpus: 0-3
cpu_memory_nodes: 0
active_processor_count: 4
cpu_quota: -1
cpu_period: 100000
cpu_shares: -1
memory_limit_in_bytes: -1
memory_and_swap_limit_in_bytes: -2
memory_soft_limit_in_bytes: -1
memory_usage_in_bytes: 5142986752
memory_max_usage_in_bytes: 0


CPU:total 4 (initial active 4) (2 cores per cpu, 2 threads per core) family 6 model 69 stepping 1, cmov, cx8, fxsr, mmx, sse, sse2, sse3, ssse3, sse4.1, sse4.2, popcnt, avx, avx2, aes, clmul, erms, lzcnt, ht, tsc, tscinvbit, bmi1, bmi2

/proc/cpuinfo:
processor	: 0
vendor_id	: GenuineIntel
cpu family	: 6
model		: 69
model name	: Intel(R) Core(TM) i7-4500U CPU @ 1.80GHz
stepping	: 1
microcode	: 0x24
cpu MHz		: 2663.449
cache size	: 4096 KB
physical id	: 0
siblings	: 4
core id		: 0
cpu cores	: 2
apicid		: 0
initial apicid	: 0
fpu		: yes
fpu_exception	: yes
cpuid level	: 13
wp		: yes
flags		: fpu vme de pse tsc msr pae mce cx8 apic sep mtrr pge mca cmov pat pse36 clflush dts acpi mmx fxsr sse sse2 ss ht tm pbe syscall nx pdpe1gb rdtscp lm constant_tsc arch_perfmon pebs bts rep_good nopl xtopology nonstop_tsc cpuid aperfmperf pni pclmulqdq dtes64 monitor ds_cpl vmx est tm2 ssse3 sdbg fma cx16 xtpr pdcm pcid sse4_1 sse4_2 movbe popcnt tsc_deadline_timer aes xsave avx f16c rdrand lahf_lm abm cpuid_fault epb invpcid_single pti ssbd ibrs ibpb stibp tpr_shadow vnmi flexpriority ept vpid fsgsbase tsc_adjust bmi1 avx2 smep bmi2 erms invpcid xsaveopt dtherm ida arat pln pts flush_l1d
bugs		: cpu_meltdown spectre_v1 spectre_v2 spec_store_bypass l1tf
bogomips	: 4788.59
clflush size	: 64
cache_alignment	: 64
address sizes	: 39 bits physical, 48 bits virtual
power management:

processor	: 1
vendor_id	: GenuineIntel
cpu family	: 6
model		: 69
model name	: Intel(R) Core(TM) i7-4500U CPU @ 1.80GHz
stepping	: 1
microcode	: 0x24
cpu MHz		: 2649.600
cache size	: 4096 KB
physical id	: 0
siblings	: 4
core id		: 0
cpu cores	: 2
apicid		: 1
initial apicid	: 1
fpu		: yes
fpu_exception	: yes
cpuid level	: 13
wp		: yes
flags		: fpu vme de pse tsc msr pae mce cx8 apic sep mtrr pge mca cmov pat pse36 clflush dts acpi mmx fxsr sse sse2 ss ht tm pbe syscall nx pdpe1gb rdtscp lm constant_tsc arch_perfmon pebs bts rep_good nopl xtopology nonstop_tsc cpuid aperfmperf pni pclmulqdq dtes64 monitor ds_cpl vmx est tm2 ssse3 sdbg fma cx16 xtpr pdcm pcid sse4_1 sse4_2 movbe popcnt tsc_deadline_timer aes xsave avx f16c rdrand lahf_lm abm cpuid_fault epb invpcid_single pti ssbd ibrs ibpb stibp tpr_shadow vnmi flexpriority ept vpid fsgsbase tsc_adjust bmi1 avx2 smep bmi2 erms invpcid xsaveopt dtherm ida arat pln pts flush_l1d
bugs		: cpu_meltdown spectre_v1 spectre_v2 spec_store_bypass l1tf
bogomips	: 4788.59
clflush size	: 64
cache_alignment	: 64
address sizes	: 39 bits physical, 48 bits virtual
power management:

processor	: 2
vendor_id	: GenuineIntel
cpu family	: 6
model		: 69
model name	: Intel(R) Core(TM) i7-4500U CPU @ 1.80GHz
stepping	: 1
microcode	: 0x24
cpu MHz		: 2664.873
cache size	: 4096 KB
physical id	: 0
siblings	: 4
core id		: 1
cpu cores	: 2
apicid		: 2
initial apicid	: 2
fpu		: yes
fpu_exception	: yes
cpuid level	: 13
wp		: yes
flags		: fpu vme de pse tsc msr pae mce cx8 apic sep mtrr pge mca cmov pat pse36 clflush dts acpi mmx fxsr sse sse2 ss ht tm pbe syscall nx pdpe1gb rdtscp lm constant_tsc arch_perfmon pebs bts rep_good nopl xtopology nonstop_tsc cpuid aperfmperf pni pclmulqdq dtes64 monitor ds_cpl vmx est tm2 ssse3 sdbg fma cx16 xtpr pdcm pcid sse4_1 sse4_2 movbe popcnt tsc_deadline_timer aes xsave avx f16c rdrand lahf_lm abm cpuid_fault epb invpcid_single pti ssbd ibrs ibpb stibp tpr_shadow vnmi flexpriority ept vpid fsgsbase tsc_adjust bmi1 avx2 smep bmi2 erms invpcid xsaveopt dtherm ida arat pln pts flush_l1d
bugs		: cpu_meltdown spectre_v1 spectre_v2 spec_store_bypass l1tf
bogomips	: 4788.59
clflush size	: 64
cache_alignment	: 64
address sizes	: 39 bits physical, 48 bits virtual
power management:

processor	: 3
vendor_id	: GenuineIntel
cpu family	: 6
model		: 69
model name	: Intel(R) Core(TM) i7-4500U CPU @ 1.80GHz
stepping	: 1
microcode	: 0x24
cpu MHz		: 2664.874
cache size	: 4096 KB
physical id	: 0
siblings	: 4
core id		: 1
cpu cores	: 2
apicid		: 3
initial apicid	: 3
fpu		: yes
fpu_exception	: yes
cpuid level	: 13
wp		: yes
flags		: fpu vme de pse tsc msr pae mce cx8 apic sep mtrr pge mca cmov pat pse36 clflush dts acpi mmx fxsr sse sse2 ss ht tm pbe syscall nx pdpe1gb rdtscp lm constant_tsc arch_perfmon pebs bts rep_good nopl xtopology nonstop_tsc cpuid aperfmperf pni pclmulqdq dtes64 monitor ds_cpl vmx est tm2 ssse3 sdbg fma cx16 xtpr pdcm pcid sse4_1 sse4_2 movbe popcnt tsc_deadline_timer aes xsave avx f16c rdrand lahf_lm abm cpuid_fault epb invpcid_single pti ssbd ibrs ibpb stibp tpr_shadow vnmi flexpriority ept vpid fsgsbase tsc_adjust bmi1 avx2 smep bmi2 erms invpcid xsaveopt dtherm ida arat pln pts flush_l1d
bugs		: cpu_meltdown spectre_v1 spectre_v2 spec_store_bypass l1tf
bogomips	: 4788.59
clflush size	: 64
cache_alignment	: 64
address sizes	: 39 bits physical, 48 bits virtual
power management:



Memory: 4k page, physical 7934828k(2503232k free), swap 2097148k(2097148k free)

vm_info: Java HotSpot(TM) 64-Bit Server VM (25.191-b12) for linux-amd64 JRE (1.8.0_191-b12), built on Oct  6 2018 05:43:09 by "java_re" with gcc 7.3.0

time: Wed Nov 14 01:06:41 2018
elapsed time: 1122 seconds (0d 0h 18m 42s)

